[    0.000000] Initializing cgroup subsys cpuset
[    0.000000] Initializing cgroup subsys cpu
[    0.000000] Initializing cgroup subsys cpuacct
[    0.000000] Linux version 4.4.0-210-generic (buildd@lgw01-amd64-009) (gcc version 5.4.0 20160609 (Ubuntu 5.4.0-6ubuntu1~16.04.12) ) #242-Ubuntu SMP Fri Apr 16 09:57:56 UTC 2021 (Ubuntu 4.4.0-210.242-generic 4.4.262)
[    0.000000] Command line: BOOT_IMAGE=/boot/vmlinuz-4.4.0-210-generic root=LABEL=cloudimg-rootfs ro console=tty1 console=ttyS0
[    0.000000] KERNEL supported cpus:
[    0.000000]   Intel GenuineIntel
[    0.000000]   AMD AuthenticAMD
[    0.000000]   Centaur CentaurHauls
[    0.000000] x86/fpu: Supporting XSAVE feature 0x01: 'x87 floating point registers'
[    0.000000] x86/fpu: Supporting XSAVE feature 0x02: 'SSE registers'
[    0.000000] x86/fpu: Enabled xstate features 0x3, context size is 576 bytes, using 'standard' format.
[    0.000000] e820: BIOS-provided physical RAM map:
[    0.000000] BIOS-e820: [mem 0x0000000000000000-0x000000000009fbff] usable
[    0.000000] BIOS-e820: [mem 0x000000000009fc00-0x000000000009ffff] reserved
[    0.000000] BIOS-e820: [mem 0x00000000000f0000-0x00000000000fffff] reserved
[    0.000000] BIOS-e820: [mem 0x0000000000100000-0x000000003ffeffff] usable
[    0.000000] BIOS-e820: [mem 0x000000003fff0000-0x000000003fffffff] ACPI data
[    0.000000] BIOS-e820: [mem 0x00000000fec00000-0x00000000fec00fff] reserved
[    0.000000] BIOS-e820: [mem 0x00000000fee00000-0x00000000fee00fff] reserved
[    0.000000] BIOS-e820: [mem 0x00000000fffc0000-0x00000000ffffffff] reserved
[    0.000000] NX (Execute Disable) protection: active
[    0.000000] SMBIOS 2.5 present.
[    0.000000] Hypervisor detected: KVM
[    0.000000] Kernel/User page tables isolation: disabled
[    0.000000] e820: last_pfn = 0x3fff0 max_arch_pfn = 0x400000000
[    0.000000] MTRR: Disabled
[    0.000000] x86/PAT: MTRRs disabled, skipping PAT initialization too.
[    0.000000] CPU MTRRs all blank - virtualized system.
[    0.000000] x86/PAT: Configuration [0-7]: WB  WT  UC- UC  WB  WT  UC- UC  
[    0.000000] found SMP MP-table at [mem 0x0009fff0-0x0009ffff] mapped at [ffff88000009fff0]
[    0.000000] Scanning 1 areas for low memory corruption
[    0.000000] RAMDISK: [mem 0x362dc000-0x37165fff]
[    0.000000] ACPI: Early table checksum verification disabled
[    0.000000] ACPI: RSDP 0x00000000000E0000 000024 (v02 VBOX  )
[    0.000000] ACPI: XSDT 0x000000003FFF0030 00003C (v01 VBOX   VBOXXSDT 00000001 ASL  00000061)
[    0.000000] ACPI: FACP 0x000000003FFF00F0 0000F4 (v04 VBOX   VBOXFACP 00000001 ASL  00000061)
[    0.000000] ACPI: DSDT 0x000000003FFF0470 0022EA (v02 VBOX   VBOXBIOS 00000002 INTL 20100528)
[    0.000000] ACPI: FACS 0x000000003FFF0200 000040
[    0.000000] ACPI: FACS 0x000000003FFF0200 000040
[    0.000000] ACPI: APIC 0x000000003FFF0240 00005C (v02 VBOX   VBOXAPIC 00000001 ASL  00000061)
[    0.000000] ACPI: SSDT 0x000000003FFF02A0 0001CC (v01 VBOX   VBOXCPUT 00000002 INTL 20100528)
[    0.000000] No NUMA configuration found
[    0.000000] Faking a node at [mem 0x0000000000000000-0x000000003ffeffff]
[    0.000000] NODE_DATA(0) allocated [mem 0x3ffeb000-0x3ffeffff]
[    0.000000] kvm-clock: Using msrs 4b564d01 and 4b564d00
[    0.000000] kvm-clock: cpu 0, msr 0:3ffe3001, primary cpu clock
[    0.000000] kvm-clock: using sched offset of 4831611862 cycles
[    0.000000] clocksource: kvm-clock: mask: 0xffffffffffffffff max_cycles: 0x1cd42e4dffb, max_idle_ns: 881590591483 ns
[    0.000000] Zone ranges:
[    0.000000]   DMA      [mem 0x0000000000001000-0x0000000000ffffff]
[    0.000000]   DMA32    [mem 0x0000000001000000-0x000000003ffeffff]
[    0.000000]   Normal   empty
[    0.000000]   Device   empty
[    0.000000] Movable zone start for each node
[    0.000000] Early memory node ranges
[    0.000000]   node   0: [mem 0x0000000000001000-0x000000000009efff]
[    0.000000]   node   0: [mem 0x0000000000100000-0x000000003ffeffff]
[    0.000000] Initmem setup node 0 [mem 0x0000000000001000-0x000000003ffeffff]
[    0.000000] ACPI: PM-Timer IO Port: 0x4008
[    0.000000] IOAPIC[0]: apic_id 2, version 32, address 0xfec00000, GSI 0-23
[    0.000000] ACPI: INT_SRC_OVR (bus 0 bus_irq 0 global_irq 2 dfl dfl)
[    0.000000] ACPI: INT_SRC_OVR (bus 0 bus_irq 9 global_irq 9 low level)
[    0.000000] Using ACPI (MADT) for SMP configuration information
[    0.000000] smpboot: Allowing 2 CPUs, 0 hotplug CPUs
[    0.000000] PM: Registered nosave memory: [mem 0x00000000-0x00000fff]
[    0.000000] PM: Registered nosave memory: [mem 0x0009f000-0x0009ffff]
[    0.000000] PM: Registered nosave memory: [mem 0x000a0000-0x000effff]
[    0.000000] PM: Registered nosave memory: [mem 0x000f0000-0x000fffff]
[    0.000000] e820: [mem 0x40000000-0xfebfffff] available for PCI devices
[    0.000000] Booting paravirtualized kernel on KVM
[    0.000000] clocksource: refined-jiffies: mask: 0xffffffff max_cycles: 0xffffffff, max_idle_ns: 7645519600211568 ns
[    0.000000] setup_percpu: NR_CPUS:512 nr_cpumask_bits:512 nr_cpu_ids:2 nr_node_ids:1
[    0.000000] PERCPU: Embedded 33 pages/cpu @ffff88003fc00000 s95192 r8192 d31784 u1048576
[    0.000000] Built 1 zonelists in Node order, mobility grouping on.  Total pages: 257912
[    0.000000] Policy zone: DMA32
[    0.000000] Kernel command line: BOOT_IMAGE=/boot/vmlinuz-4.4.0-210-generic root=LABEL=cloudimg-rootfs ro console=tty1 console=ttyS0
[    0.000000] PID hash table entries: 4096 (order: 3, 32768 bytes)
[    0.000000] Memory: 997792K/1048120K available (8644K kernel code, 1332K rwdata, 4044K rodata, 1492K init, 1164K bss, 50328K reserved, 0K cma-reserved)
[    0.000000] SLUB: HWalign=64, Order=0-3, MinObjects=0, CPUs=2, Nodes=1
[    0.000000] Hierarchical RCU implementation.
[    0.000000] 	Build-time adjustment of leaf fanout to 64.
[    0.000000] 	RCU restricting CPUs from NR_CPUS=512 to nr_cpu_ids=2.
[    0.000000] RCU: Adjusting geometry for rcu_fanout_leaf=64, nr_cpu_ids=2
[    0.000000] NR_IRQS:33024 nr_irqs:440 16
[    0.000000] Console: colour VGA+ 80x25
[    0.000000] console [tty1] enabled
[    0.000000] console [ttyS0] enabled
[    0.000000] tsc: Detected 1094.401 MHz processor
[    0.390333] Calibrating delay loop (skipped) preset value.. 2188.80 BogoMIPS (lpj=4377604)
[    0.394132] pid_max: default: 32768 minimum: 301
[    0.396030] ACPI: Core revision 20150930
[    0.400161] ACPI: 2 ACPI AML tables successfully acquired and loaded
[    0.404471] Security Framework initialized
[    0.406222] Yama: becoming mindful.
[    0.408100] AppArmor: AppArmor initialized
[    0.409909] Dentry cache hash table entries: 131072 (order: 8, 1048576 bytes)
[    0.416008] Inode-cache hash table entries: 65536 (order: 7, 524288 bytes)
[    0.425099] Mount-cache hash table entries: 2048 (order: 2, 16384 bytes)
[    0.428654] Mountpoint-cache hash table entries: 2048 (order: 2, 16384 bytes)
[    0.431469] Initializing cgroup subsys io
[    0.433394] Initializing cgroup subsys memory
[    0.435160] Initializing cgroup subsys devices
[    0.437032] Initializing cgroup subsys freezer
[    0.439171] Initializing cgroup subsys net_cls
[    0.441483] Initializing cgroup subsys perf_event
[    0.443345] Initializing cgroup subsys net_prio
[    0.445295] Initializing cgroup subsys hugetlb
[    0.448414] Initializing cgroup subsys pids
[    0.461118] mce: CPU supports 0 MCE banks
[    0.462913] Last level iTLB entries: 4KB 0, 2MB 0, 4MB 0
[    0.465032] Last level dTLB entries: 4KB 0, 2MB 0, 4MB 0, 1GB 0
[    0.468521] Spectre V1 : Mitigation: usercopy/swapgs barriers and __user pointer sanitization
[    0.475214] Spectre V2 : Mitigation: Enhanced IBRS
[    0.477223] Spectre V2 : Spectre v2 / SpectreRSB mitigation: Filling RSB on context switch
[    0.480732] Speculative Store Bypass: Vulnerable
[    0.490262] Freeing SMP alternatives memory: 36K
[    0.511130] ftrace: allocating 32380 entries in 127 pages
[    0.653191] smpboot: APIC(0) Converting physical 0 to logical package 0
[    0.658667] smpboot: Max logical packages: 1
[    0.661032] x2apic enabled
[    0.662897] Switched APIC routing to physical x2apic.
[    0.668287] ..TIMER: vector=0x30 apic1=0 pin1=2 apic2=-1 pin2=-1
[    0.779905] smpboot: CPU0: Intel(R) Celeron(R) N4020 CPU @ 1.10GHz (family: 0x6, model: 0x7a, stepping: 0x8)
[    0.784817] Performance Events: unsupported p6 CPU model 122 no PMU driver, software events only.
[    0.813076] KVM setup paravirtual spinlock
[    0.815924] x86: Booting SMP configuration:
[    0.817738] .... node  #0, CPUs:      #1
[    0.832137] kvm-clock: cpu 1, msr 0:3ffe3041, secondary cpu clock
[    0.846429] mce: CPU supports 0 MCE banks
[    0.855347] x86: Booted up 1 node, 2 CPUs
[    0.857726] smpboot: Total of 2 processors activated (4377.60 BogoMIPS)
[    0.861478] devtmpfs: initialized
[    0.866926] evm: security.selinux
[    0.868635] evm: security.SMACK64
[    0.878736] evm: security.SMACK64EXEC
[    0.881139] evm: security.SMACK64TRANSMUTE
[    0.883856] evm: security.SMACK64MMAP
[    0.886372] evm: security.ima
[    0.888877] evm: security.capability
[    0.892528] clocksource: jiffies: mask: 0xffffffff max_cycles: 0xffffffff, max_idle_ns: 7645041785100000 ns
[    0.896801] futex hash table entries: 512 (order: 3, 32768 bytes)
[    0.899366] pinctrl core: initialized pinctrl subsystem
[    0.901724] RTC time: 17:33:09, date: 05/31/22
[    0.905631] NET: Registered protocol family 16
[    0.922299] cpuidle: using governor ladder
[    0.936941] cpuidle: using governor menu
[    0.939012] PCCT header not found.
[    0.940856] ACPI: bus type PCI registered
[    0.943514] acpiphp: ACPI Hot Plug PCI Controller Driver version: 0.5
[    0.948662] PCI: Using configuration type 1 for base access
[    0.966826] ACPI: Added _OSI(Module Device)
[    0.969577] ACPI: Added _OSI(Processor Device)
[    0.971606] ACPI: Added _OSI(3.0 _SCP Extensions)
[    0.974857] ACPI: Added _OSI(Processor Aggregator Device)
[    0.979648] ACPI: Executed 1 blocks of module-level executable AML code
[    0.997296] ACPI: Interpreter enabled
[    1.000912] ACPI: (supports S0 S5)
[    1.003418] ACPI: Using IOAPIC for interrupt routing
[    1.011345] PCI: Using host bridge windows from ACPI; if necessary, use "pci=nocrs" and report a bug
[    1.024772] ACPI: PCI Root Bridge [PCI0] (domain 0000 [bus 00-ff])
[    1.027881] acpi PNP0A03:00: _OSC: OS supports [ASPM ClockPM Segments MSI]
[    1.031666] acpi PNP0A03:00: _OSC: not requesting OS control; OS requires [ExtendedConfig ASPM ClockPM MSI]
[    1.035874] acpi PNP0A03:00: fail to add MMCONFIG information, can't access extended PCI configuration space under this bridge.
[    1.042371] PCI host bridge to bus 0000:00
[    1.045551] pci_bus 0000:00: root bus resource [io  0x0000-0x0cf7 window]
[    1.050302] pci_bus 0000:00: root bus resource [io  0x0d00-0xffff window]
[    1.054112] pci_bus 0000:00: root bus resource [mem 0x000a0000-0x000bffff window]
[    1.059319] pci_bus 0000:00: root bus resource [mem 0x40000000-0xfdffffff window]
[    1.065197] pci_bus 0000:00: root bus resource [bus 00-ff]
[    1.072623] pci 0000:00:01.1: legacy IDE quirk: reg 0x10: [io  0x01f0-0x01f7]
[    1.077156] pci 0000:00:01.1: legacy IDE quirk: reg 0x14: [io  0x03f6]
[    1.080976] pci 0000:00:01.1: legacy IDE quirk: reg 0x18: [io  0x0170-0x0177]
[    1.086448] pci 0000:00:01.1: legacy IDE quirk: reg 0x1c: [io  0x0376]
[    1.121042] pci 0000:00:07.0: quirk: [io  0x4000-0x403f] claimed by PIIX4 ACPI
[    1.124642] pci 0000:00:07.0: quirk: [io  0x4100-0x410f] claimed by PIIX4 SMB
[    1.176932] ACPI: PCI Interrupt Link [LNKA] (IRQs 5 9 10 *11)
[    1.180935] ACPI: PCI Interrupt Link [LNKB] (IRQs 5 9 *10 11)
[    1.184313] ACPI: PCI Interrupt Link [LNKC] (IRQs 5 *9 10 11)
[    1.187452] ACPI: PCI Interrupt Link [LNKD] (IRQs 5 9 10 *11)
[    1.192780] ACPI: Enabled 2 GPEs in block 00 to 07
[    1.195476] vgaarb: setting as boot device: PCI:0000:00:02.0
[    1.197782] vgaarb: device added: PCI:0000:00:02.0,decodes=io+mem,owns=io+mem,locks=none
[    1.201360] vgaarb: loaded
[    1.202673] vgaarb: bridge control possible 0000:00:02.0
[    1.205396] SCSI subsystem initialized
[    1.207424] ACPI: bus type USB registered
[    1.209623] usbcore: registered new interface driver usbfs
[    1.212157] usbcore: registered new interface driver hub
[    1.214279] usbcore: registered new device driver usb
[    1.227791] PCI: Using ACPI for IRQ routing
[    1.230654] NetLabel: Initializing
[    1.232773] NetLabel:  domain hash size = 128
[    1.237457] NetLabel:  protocols = UNLABELED CIPSOv4
[    1.240564] NetLabel:  unlabeled traffic allowed by default
[    1.243866] amd_nb: Cannot enumerate AMD northbridges
[    1.246029] clocksource: Switched to clocksource kvm-clock
[    1.260176] AppArmor: AppArmor Filesystem Enabled
[    1.262597] pnp: PnP ACPI init
[    1.265408] pnp: PnP ACPI: found 3 devices
[    1.280055] clocksource: acpi_pm: mask: 0xffffff max_cycles: 0xffffff, max_idle_ns: 2085701024 ns
[    1.284183] NET: Registered protocol family 2
[    1.286359] TCP established hash table entries: 8192 (order: 4, 65536 bytes)
[    1.289103] TCP bind hash table entries: 8192 (order: 5, 131072 bytes)
[    1.292041] TCP: Hash tables configured (established 8192 bind 8192)
[    1.294555] UDP hash table entries: 512 (order: 2, 16384 bytes)
[    1.297054] UDP-Lite hash table entries: 512 (order: 2, 16384 bytes)
[    1.299525] NET: Registered protocol family 1
[    1.301331] pci 0000:00:00.0: Limiting direct PCI/PCI transfers
[    1.303819] pci 0000:00:01.0: Activating ISA DMA hang workarounds
[    1.308490] Unpacking initramfs...
[    1.721276] Freeing initrd memory: 14888K
[    1.724756] clocksource: tsc: mask: 0xffffffffffffffff max_cycles: 0xfc67048a2b, max_idle_ns: 440795251024 ns
[    1.731774] platform rtc_cmos: registered platform RTC device (no PNP device found)
[    1.735037] Scanning for low memory corruption every 60 seconds
[    1.738740] audit: initializing netlink subsys (disabled)
[    1.741286] audit: type=2000 audit(1654018396.172:1): initialized
[    1.744078] Initialise system trusted keyring
[    1.750169] HugeTLB registered 2 MB page size, pre-allocated 0 pages
[    1.754599] zbud: loaded
[    1.756322] VFS: Disk quotas dquot_6.6.0
[    1.758671] VFS: Dquot-cache hash table entries: 512 (order 0, 4096 bytes)
[    1.761520] squashfs: version 4.0 (2009/01/31) Phillip Lougher
[    1.766080] fuse init (API version 7.23)
[    1.768103] Key type big_key registered
[    1.769784] Allocating IMA MOK and blacklist keyrings.
[    1.773601] Key type asymmetric registered
[    1.775666] Asymmetric key parser 'x509' registered
[    1.777724] Block layer SCSI generic (bsg) driver version 0.4 loaded (major 249)
[    1.781482] io scheduler noop registered
[    1.783899] io scheduler deadline registered (default)
[    1.787365] io scheduler cfq registered
[    1.789825] pci_hotplug: PCI Hot Plug PCI Core version: 0.5
[    1.793290] pciehp: PCI Express Hot Plug Controller Driver version: 0.4
[    1.797871] ACPI: AC Adapter [AC] (on-line)
[    1.800557] input: Power Button as /devices/LNXSYSTM:00/LNXPWRBN:00/input/input0
[    1.805723] ACPI: Power Button [PWRF]
[    1.808740] input: Sleep Button as /devices/LNXSYSTM:00/LNXSLPBN:00/input/input1
[    1.815466] ACPI: Sleep Button [SLPF]
[    1.826745] ACPI: Battery Slot [BAT0] (battery present)
[    1.830297] GHES: HEST is not enabled!
[    1.834247] Serial: 8250/16550 driver, 32 ports, IRQ sharing enabled
[    1.859151] 00:02: ttyS0 at I/O 0x3f8 (irq = 4, base_baud = 115200) is a 16550A
[    1.864252] Linux agpgart interface v0.103
[    1.885124] loop: module loaded
[    1.888612] scsi host0: ata_piix
[    1.890931] scsi host1: ata_piix
[    1.893502] ata1: PATA max UDMA/33 cmd 0x1f0 ctl 0x3f6 bmdma 0xd000 irq 14
[    1.896134] ata2: PATA max UDMA/33 cmd 0x170 ctl 0x376 bmdma 0xd008 irq 15
[    1.898927] libphy: Fixed MDIO Bus: probed
[    1.901240] tun: Universal TUN/TAP device driver, 1.6
[    1.903278] tun: (C) 1999-2004 Max Krasnyansky <maxk@qualcomm.com>
[    1.905698] PPP generic driver version 2.4.2
[    1.908163] ehci_hcd: USB 2.0 'Enhanced' Host Controller (EHCI) Driver
[    1.910723] ehci-pci: EHCI PCI platform driver
[    1.912563] ehci-platform: EHCI generic platform driver
[    1.915003] ohci_hcd: USB 1.1 'Open' Host Controller (OHCI) Driver
[    1.917375] ohci-pci: OHCI PCI platform driver
[    1.919490] ohci-platform: OHCI generic platform driver
[    1.922626] uhci_hcd: USB Universal Host Controller Interface driver
[    1.927518] i8042: PNP: PS/2 Controller [PNP0303:PS2K,PNP0f03:PS2M] at 0x60,0x64 irq 1,12
[    1.931978] serio: i8042 KBD port at 0x60,0x64 irq 1
[    1.933988] serio: i8042 AUX port at 0x60,0x64 irq 12
[    1.936746] mousedev: PS/2 mouse device common for all mice
[    1.940966] input: AT Translated Set 2 keyboard as /devices/platform/i8042/serio0/input/input2
[    1.945899] rtc_cmos rtc_cmos: rtc core: registered rtc_cmos as rtc0
[    1.948572] rtc_cmos rtc_cmos: alarms up to one day, 114 bytes nvram
[    1.951210] i2c /dev entries driver
[    1.952826] device-mapper: uevent: version 1.0.3
[    1.955963] device-mapper: ioctl: 4.34.0-ioctl (2015-10-28) initialised: dm-devel@redhat.com
[    1.959948] ledtrig-cpu: registered to indicate activity on CPUs
[    1.963396] NET: Registered protocol family 10
[    1.965571] NET: Registered protocol family 17
[    1.967508] Key type dns_resolver registered
[    1.970336] registered taskstats version 1
[    1.972126] Loading compiled-in X.509 certificates
[    1.975346] Loaded X.509 cert 'Build time autogenerated kernel key: cf00e047681d67edb2720680708b7d9498083038'
[    1.980326] zswap: loaded using pool lzo/zbud
[    1.985870] Key type trusted registered
[    1.992623] Key type encrypted registered
[    1.994387] AppArmor: AppArmor sha1 policy hashing enabled
[    1.996681] ima: No TPM chip found, activating TPM-bypass!
[    1.999165] ima: Allocated hash algorithm: sha1
[    2.001033] evm: HMAC attrs: 0x1
[    2.003174]   Magic number: 6:158:594
[    2.005147] rtc_cmos rtc_cmos: setting system clock to 2022-05-31 17:33:10 UTC (1654018390)
[    2.010883] BIOS EDD facility v0.16 2004-Jun-25, 0 devices found
[    2.013774] EDD information not available.
[    2.076279] Freeing unused kernel memory: 1492K
[    2.078890] Write protecting the kernel read-only data: 14336k
[    2.082846] Freeing unused kernel memory: 1584K
[    2.085006] Freeing unused kernel memory: 52K
Loading, please wait...
starting version 229
[    2.110102] random: systemd-udevd: uninitialized urandom read (16 bytes read, 3 bits of entropy available)
[    2.111743] random: udevadm: uninitialized urandom read (16 bytes read, 3 bits of entropy available)
[    2.111781] random: udevadm: uninitialized urandom read (16 bytes read, 3 bits of entropy available)
[    2.133207] random: systemd-udevd: uninitialized urandom read (16 bytes read, 3 bits of entropy available)
[    2.137106] random: systemd-udevd: uninitialized urandom read (16 bytes read, 3 bits of entropy available)
[    2.142611] random: systemd-udevd: uninitialized urandom read (16 bytes read, 3 bits of entropy available)
[    2.148745] random: udevadm: uninitialized urandom read (16 bytes read, 3 bits of entropy available)
[    2.148827] random: udevadm: uninitialized urandom read (16 bytes read, 3 bits of entropy available)
[    2.149052] random: udevadm: uninitialized urandom read (16 bytes read, 3 bits of entropy available)
[    2.149145] random: udevadm: uninitialized urandom read (16 bytes read, 3 bits of entropy available)
[    2.399499] e1000: Intel(R) PRO/1000 Network Driver - version 7.3.21-k8-NAPI
[    2.408733] e1000: Copyright (c) 1999-2006 Intel Corporation.
[    2.417766] Fusion MPT base driver 3.04.20
[    2.421281] Copyright (c) 1999-2008 LSI Corporation
[    2.473627] Fusion MPT SPI Host driver 3.04.20
[    2.482682] SSE version of gcm_enc/dec engaged.
[    2.660670] input: ImExPS/2 Generic Explorer Mouse as /devices/platform/i8042/serio1/input/input4
[    3.026757] e1000 0000:00:03.0 eth0: (PCI:33MHz:32-bit) 02:be:82:6b:cc:1d
[    3.029461] e1000 0000:00:03.0 eth0: Intel(R) PRO/1000 Network Connection
[    3.037660] mptbase: ioc0: Initiating bringup
[    3.145948] ioc0: LSI53C1030 A0: Capabilities={Initiator}
[    3.326527] scsi host2: ioc0: LSI53C1030 A0, FwRev=00000000h, Ports=1, MaxQ=256, IRQ=20
[    3.441126] scsi 2:0:0:0: Direct-Access     VBOX     HARDDISK         1.0  PQ: 0 ANSI: 5
[    3.446301] scsi target2:0:0: Beginning Domain Validation
[    3.450008] scsi target2:0:0: Domain Validation skipping write tests
[    3.455910] scsi target2:0:0: Ending Domain Validation
[    3.460210] scsi target2:0:0: asynchronous
[    3.463123] scsi 2:0:1:0: Direct-Access     VBOX     HARDDISK         1.0  PQ: 0 ANSI: 5
[    3.467431] scsi target2:0:1: Beginning Domain Validation
[    3.471237] scsi target2:0:1: Domain Validation skipping write tests
[    3.474561] scsi target2:0:1: Ending Domain Validation
[    3.477310] scsi target2:0:1: asynchronous
[    3.527933] sd 2:0:0:0: Attached scsi generic sg0 type 0
[    3.531421] sd 2:0:0:0: [sda] 83886080 512-byte logical blocks: (42.9 GB/40.0 GiB)
[    3.536677] sd 2:0:1:0: Attached scsi generic sg1 type 0
[    3.540069] sd 2:0:0:0: [sda] Write Protect is off
[    3.586711] sd 2:0:1:0: [sdb] 20480 512-byte logical blocks: (10.5 MB/10.0 MiB)
[    3.592498] sd 2:0:0:0: [sda] Incomplete mode parameter data
[    3.595355] sd 2:0:0:0: [sda] Assuming drive cache: write through
[    3.597894] sd 2:0:1:0: [sdb] Write Protect is off
[    3.623336] sd 2:0:1:0: [sdb] Incomplete mode parameter data
[    3.628229] sd 2:0:1:0: [sdb] Assuming drive cache: write through
[    3.630618]  sda: sda1
[    3.632809] sd 2:0:0:0: [sda] Attached SCSI disk
[    3.639815] sd 2:0:1:0: [sdb] Attached SCSI disk
[    4.036288] e1000 0000:00:08.0 eth1: (PCI:33MHz:32-bit) 08:00:27:cb:06:09
[    4.039839] e1000 0000:00:08.0 eth1: Intel(R) PRO/1000 Network Connection
[    4.050595] e1000 0000:00:03.0 enp0s3: renamed from eth0
[    4.066477] e1000 0000:00:08.0 enp0s8: renamed from eth1
Begin: Loading essential drivers ... [    5.830135] md: linear personality registered for level -1
[    5.836835] md: multipath personality registered for level -4
[    5.844961] md: raid0 personality registered for level 0
[    5.853994] md: raid1 personality registered for level 1
[    5.930840] raid6: sse2x1   gen()  5547 MB/s
[    5.998053] raid6: sse2x1   xor()  3883 MB/s
[    6.066302] raid6: sse2x2   gen()  6093 MB/s
[    6.142205] raid6: sse2x2   xor()  3109 MB/s
[    6.211498] raid6: sse2x4   gen()  3463 MB/s
[    6.278393] raid6: sse2x4   xor()  2146 MB/s
[    6.280446] raid6: using algorithm sse2x2 gen() 6093 MB/s
[    6.283125] raid6: .... xor() 3109 MB/s, rmw enabled
[    6.285124] raid6: using ssse3x2 recovery algorithm
[    6.291172] xor: measuring software checksum speed
[    6.330257]    prefetch64-sse:  9468.000 MB/sec
[    6.374241]    generic_sse:  8629.000 MB/sec
[    6.376112] xor: using function: prefetch64-sse (9468.000 MB/sec)
[    6.381238] async_tx: api initialized (async)
[    6.401491] md: raid6 personality registered for level 6
[    6.404835] md: raid5 personality registered for level 5
[    6.407493] md: raid4 personality registered for level 4
[    6.420878] md: raid10 personality registered for level 10
done.
Begin: Running /scripts/init-premount ... done.
Begin: Mounting root file system ... Begin: Running /scripts/local-top ... done.
Begin: Running /scripts/local-premount ... [    6.475625] Btrfs loaded
Scanning for Btrfs filesystems
done.
Warning: fsck not present, so skipping root file system
[    6.526166] EXT4-fs (sda1): mounted filesystem with ordered data mode. Opts: (null)
done.
Begin: Running /scripts/local-bottom ... done.
Begin: Running /scripts/init-bottom ... done.
[    6.836321] systemd[1]: systemd 229 running in system mode. (+PAM +AUDIT +SELINUX +IMA +APPARMOR +SMACK +SYSVINIT +UTMP +LIBCRYPTSETUP +GCRYPT +GNUTLS +ACL +XZ -LZ4 +SECCOMP +BLKID +ELFUTILS +KMOD -IDN)
[    6.843903] systemd[1]: Detected virtualization oracle.
[    6.845964] systemd[1]: Detected architecture x86-64.

Welcome to [1mUbuntu 16.04.7 LTS[0m!

[    6.854390] systemd[1]: Set hostname to <ubuntu-xenial>.
[    7.121169] systemd[1]: Reached target User and Group Name Lookups.
[[0;32m  OK  [0m] Reached target User and Group Name Lookups.
[    7.125811] systemd[1]: Listening on Device-mapper event daemon FIFOs.
[[0;32m  OK  [0m] Listening on Device-mapper event daemon FIFOs.
[    7.130753] systemd[1]: Listening on Syslog Socket.
[[0;32m  OK  [0m] Listening on Syslog Socket.
[    7.135258] systemd[1]: Listening on Journal Audit Socket.
[[0;32m  OK  [0m] Listening on Journal Audit Socket.
[    7.141006] systemd[1]: Reached target Encrypted Volumes.
[[0;32m  OK  [0m] Reached target Encrypted Volumes.
[    7.154807] systemd[1]: Listening on LVM2 metadata daemon socket.
[[0;32m  OK  [0m] Listening on LVM2 metadata daemon socket.
[    7.165908] systemd[1]: Started Forward Password Requests to Wall Directory Watch.
[[0;32m  OK  [0m] Started Forward Password Requests to Wall Directory Watch.
[    7.171188] systemd[1]: Listening on Journal Socket.
[[0;32m  OK  [0m] Listening on Journal Socket.
[    7.175156] systemd[1]: Listening on /dev/initctl Compatibility Named Pipe.
[[0;32m  OK  [0m] Listening on /dev/initctl Compatibility Named Pipe.
[    7.186645] systemd[1]: Reached target System Time Synchronized.
[[0;32m  OK  [0m] Reached target System Time Synchronized.
[    7.198385] systemd[1]: Listening on fsck to fsckd communication Socket.
[[0;32m  OK  [0m] Listening on fsck to fsckd communication Socket.
[    7.203745] systemd[1]: Created slice System Slice.
[[0;32m  OK  [0m] Created slice System Slice.
[    7.218655] systemd[1]: Mounting Debug File System...
         Mounting Debug File System...
[    7.232600] systemd[1]: Starting Load Kernel Modules...
         Starting Load Kernel Modules...
[    7.248069] systemd[1]: Mounting Huge Pages File System...
         Mounting Huge Pages File System...
[    7.257544] systemd[1]: Starting Set console keymap...
[    7.269523] Loading iSCSI transport class v2.0-870.
         Starting Set console keymap...
[    7.279613] systemd[1]: Starting Create list of required static device nodes for the current kernel...
         Starting Create list of required st... nodes for the current kernel...
[    7.290096] random: nonblocking pool is initialized
[    7.296047] systemd[1]: Created slice system-serial\x2dgetty.slice.
[[0;32m  OK  [0m] Created slice system-serial\x2dgetty.slice.
[    7.310560] systemd[1]: Listening on udev Kernel Socket.
[[0;32m  OK  [0m] Listening on udev Kernel Socket.
[    7.322165] iscsi: registered transport (tcp)
[    7.322521] systemd[1]: Created slice User and Session Slice.
[[0;32m  OK  [0m] Created slice User and Session Slice.
[    7.334047] systemd[1]: Reached target Slices.
[[0;32m  OK  [0m] Reached target Slices.
[    7.370527] systemd[1]: Mounting POSIX Message Queue File System...
         Mounting POSIX Message Queue File System...
[    7.384270] systemd[1]: Listening on Journal Socket (/dev/log).
[[0;32m  OK  [0m] Listening on Journal Socket (/dev/log).
[    7.392625] systemd[1]: Starting Journal Service...
         Starting Journal Service...
[    7.403667] systemd[1]: Starting File System Check on Root Device...
         Starting File System Check on Root Device...
[    7.452866] systemd[1]: Reached target Swap.
[[0;32m  OK  [0m] Reached target Swap.
[    7.464564] systemd[1]: Starting Monitoring of LVM2 mirrors, snapshots etc. using dmeventd or progress polling...
         Starting Monitoring of LVM2 mirrors... dmeventd or progress polling...
[    7.483159] systemd[1]: Starting Uncomplicated firewall...
         Starting Uncomplicated firewall...
[    7.491656] systemd[1]: Starting Nameserver information manager...
[    7.496327] systemd[1]: Listening on LVM2 poll daemon socket.
[    7.500266] systemd[1]: Started Trigger resolvconf update for networkd DNS.
         Starting Nameserver information manager...
[[0;32m  OK  [0m] Listening on LVM2 poll daemon socket.
[[0;32m  OK  [0m] Started Trigger resolvconf update for networkd DNS.
[    7.518249] systemd[1]: Listening on udev Control Socket.
[[0;32m  OK  [0m] Listening on udev Control Socket.
[    7.528720] systemd[1]: Set up automount Arbitrary Executable File Formats File System Automount Point.
[[0;32m  OK  [0m] Set up automount Arbitrary Executab...ats File System Automount Point.
[    7.548896] systemd[1]: Mounted Huge Pages File System.
[[0;32m  OK  [0m] Mounted Huge Pages File System.
[    7.577903] systemd[1]: Mounted POSIX Message Queue File System.
[[0;32m  OK  [0m] Mounted POSIX Message Queue File System.
[    7.590905] systemd[1]: Mounted Debug File System.
[[0;32m  OK  [0m] Mounted Debug File System.
[    7.601700] systemd[1]: Started Set console keymap.
[[0;32m  OK  [0m] Started Set console keymap.
[    7.611627] systemd[1]: Started Create list of required static device nodes for the current kernel.
[[0;32m  OK  [0m] Started Create list of required sta...ce nodes for the current kernel.
[    7.632894] systemd[1]: Started Uncomplicated firewall.
[[0;32m  OK  [0m] Started Uncomplicated firewall.
[    7.654128] systemd[1]: Started File System Check on Root Device.
[[0;32m  OK  [0m] Started File System Check on Root Device.
[    7.664591] systemd[1]: Started Nameserver information manager.
[[0;32m  OK  [0m] Started Nameserver information manager.
[    7.687232] iscsi: registered transport (iser)
[    7.689652] systemd[1]: Started Journal Service.
[[0;32m  OK  [0m] Started Journal Service.
[[0;32m  OK  [0m] Started LVM2 metadata daemon.
[[0;32m  OK  [0m] Started File System Check Daemon to report status.
         Starting Remount Root and Kernel File Systems...
         Starting Create Static Device Nodes in /dev...
[    7.726645] EXT4-fs (sda1): re-mounted. Opts: (null)
[[0;32m  OK  [0m] Started Load Kernel Modules.
[[0;32m  OK  [0m] Started Remount Root and Kernel File Systems.
         Starting Load/Save Random Seed...
         Starting udev Coldplug all Devices...
         Starting Flush Journal to Persistent Storage...
         Mounting FUSE Control File System...
         Starting Apply Kernel Variables...
[[0;32m  OK  [0m] Mounted FUSE Control File System.
[[0;32m  OK  [0m] Started Create Static Device Nodes in /dev.
[[0;32m  OK  [0m] Started Load/Save Random Seed.
[[0;32m  OK  [0m] Started Monitoring of LVM2 mirrors,...ng dmeventd or progress polling.
[[0;32m  OK  [0m] Started Apply Kernel Variables.
         Starting udev Kernel Device Manager...
[[0;32m  OK  [0m] Reached target Local File Systems (Pre).
[[0;32m  OK  [0m] Reached target Local File Systems.
         Starting Tell Plymouth To Write Out Runtime Data...
         Starting Initial cloud-init job (pre-networking)...
         Starting Set console font and keymap...
         Starting LSB: AppArmor initialization...
[[0;32m  OK  [0m] Started Flush Journal to Persistent Storage.
[[0;32m  OK  [0m] Started udev Coldplug all Devices.
[[0;32m  OK  [0m] Started Tell Plymouth To Write Out Runtime Data.
         Starting Create Volatile Files and Directories...
[[0;32m  OK  [0m] Started udev Kernel Device Manager.
[[0;32m  OK  [0m] Started Dispatch Password Requests to Console Directory Watch.
[[0;32m  OK  [0m] Started Create Volatile Files and Directories.
         Starting Update UTMP about System Boot/Shutdown...
[[0;32m  OK  [0m] Started Update UTMP about System Boot/Shutdown.
[[0;32m  OK  [0m] Started LSB: AppArmor initialization.
[[0;32m  OK  [0m] Found device /dev/ttyS0.
[[0;32m  OK  [0m] Listening on Load/Save RF Kill Switch Status /dev/rfkill Watch.
         Starting Load AppArmor profiles managed internally by snapd...
[[0;32m  OK  [0m] Started Load AppArmor profiles managed internally by snapd.
[[0;32m  OK  [0m] Found device 82540EM Gigabit Ethern...r (PRO/1000 MT Desktop Adapter).
[[0;32m  OK  [0m] Found device 82540EM Gigabit Ethern...r (PRO/1000 MT Desktop Adapter).
[   10.807400] cloud-init[481]: Cloud-init v. 21.1-19-gbad84ad4-0ubuntu1~16.04.2 running 'init-local' at Tue, 31 May 2022 17:33:19 +0000. Up 10.05 seconds.
[[0;32m  OK  [0m] Started Initial cloud-init job (pre-networking).
[[0;32m  OK  [0m] Started Set console font and keymap.
[[0;32m  OK  [0m] Created slice system-getty.slice.
[[0;32m  OK  [0m] Reached target Network (Pre).
[[0;32m  OK  [0m] Started ifup for enp0s8.
         Starting Raise network interfaces...
[[0;32m  OK  [0m] Started ifup for enp0s3.
[[0;32m  OK  [0m] Started Raise network interfaces.
         Starting Initial cloud-init job (metadata service crawler)...
[[0;32m  OK  [0m] Reached target Network.
[   12.868073] cloud-init[1084]: Cloud-init v. 21.1-19-gbad84ad4-0ubuntu1~16.04.2 running 'init' at Tue, 31 May 2022 17:33:21 +0000. Up 12.36 seconds.
[   12.878455] cloud-init[1084]: ci-info: ++++++++++++++++++++++++++++++++++++++Net device info++++++++++++++++++++++++++++++++++++++
[   12.886973] cloud-init[1084]: ci-info: +--------+------+----------------------------+---------------+--------+-------------------+
[   12.894239] cloud-init[1084]: ci-info: | Device |  Up  |          Address           |      Mask     | Scope  |     Hw-Address    |
[   12.909064] cloud-init[1084]: ci-info: +--------+------+----------------------------+---------------+--------+-------------------+
[   12.914773] cloud-init[1084]: ci-info: | enp0s3 | True |         10.0.2.15          | 255.255.255.0 | global | 02:be:82:6b:cc:1d |
[   12.918913] cloud-init[1084]: ci-info: | enp0s3 | True | fe80::be:82ff:fe6b:cc1d/64 |       .       |  link  | 02:be:82:6b:cc:1d |
[   12.922615] cloud-init[1084]: ci-info: | enp0s8 | True |       192.168.10.100       | 255.255.255.0 | global | 08:00:27:cb:06:09 |
[   12.938989] cloud-init[1084]: ci-info: | enp0s8 | True | fe80::a00:27ff:fecb:609/64 |       .       |  link  | 08:00:27:cb:06:09 |
[   12.942543] cloud-init[1084]: ci-info: |   lo   | True |         127.0.0.1          |   255.0.0.0   |  host  |         .         |
[   12.946551] cloud-init[1084]: ci-info: |   lo   | True |          ::1/128           |       .       |  host  |         .         |
[   12.954309] cloud-init[1084]: ci-info: +--------+------+----------------------------+---------------+--------+-------------------+
[   12.958801] cloud-init[1084]: ci-info: ++++++++++++++++++++++++++++Route IPv4 info++++++++++++++++++++++++++++
[   12.964617] cloud-init[1084]: ci-info: +-------+--------------+----------+---------------+-----------+-------+
[   12.969459] cloud-init[1084]: ci-info: | Route | Destination  | Gateway  |    Genmask    | Interface | Flags |
[   12.973602] cloud-init[1084]: ci-info: +-------+--------------+----------+---------------+-----------+-------+
[   12.976812] cloud-init[1084]: ci-info: |   0   |   0.0.0.0    | 10.0.2.2 |    0.0.0.0    |   enp0s3  |   UG  |
[   12.984034] cloud-init[1084]: ci-info: |   1   |   10.0.2.0   | 0.0.0.0  | 255.255.255.0 |   enp0s3  |   U   |
[   12.987409] cloud-init[1084]: ci-info: |   2   | 192.168.10.0 | 0.0.0.0  | 255.255.255.0 |   enp0s8  |   U   |
[   12.990542] cloud-init[1084]: ci-info: +-------+--------------+----------+---------------+-----------+-------+
[   12.993833] cloud-init[1084]: ci-info: +++++++++++++++++++Route IPv6 info+++++++++++++++++++
[   12.996650] cloud-init[1084]: ci-info: +-------+-------------+---------+-----------+-------+
[   13.000087] cloud-init[1084]: ci-info: | Route | Destination | Gateway | Interface | Flags |
[   13.002929] cloud-init[1084]: ci-info: +-------+-------------+---------+-----------+-------+
[   13.005732] cloud-init[1084]: ci-info: |   0   |  fe80::/64  |    ::   |   enp0s8  |   U   |
[   13.008717] cloud-init[1084]: ci-info: |   1   |  fe80::/64  |    ::   |   enp0s3  |   U   |
[   13.011444] cloud-init[1084]: ci-info: |   4   |   ff00::/8  |    ::   |   enp0s8  |   U   |
[   13.014422] cloud-init[1084]: ci-info: |   5   |   ff00::/8  |    ::   |   enp0s3  |   U   |
[   13.020993] cloud-init[1084]: ci-info: +-------+-------------+---------+-----------+-------+
[[0;32m  OK  [0m] Started Initial cloud-init job (metadata service crawler).
[[0;32m  OK  [0m] Reached target System Initialization.
         Starting LXD - unix socket.
[[0;32m  OK  [0m] Listening on ACPID Listen Socket.
[[0;32m  OK  [0m] Listening on UUID daemon activation socket.
[[0;32m  OK  [0m] Started Message of the Day.
[[0;32m  OK  [0m] Started Ubuntu Advantage Timer for running repeated jobs.
[[0;32m  OK  [0m] Started Daily apt download activities.
[[0;32m  OK  [0m] Started Daily apt upgrade and clean activities.
         Starting Socket activation for snappy daemon.
[[0;32m  OK  [0m] Started ACPI Events Check.
[[0;32m  OK  [0m] Started Trigger to poll for Ubuntu ...nly enabled on GCP LTS non-pro).
[[0;32m  OK  [0m] Reached target Paths.
[[0;32m  OK  [0m] Listening on D-Bus System Message Bus Socket.
[[0;32m  OK  [0m] Started Daily Cleanup of Temporary Directories.
[[0;32m  OK  [0m] Reached target Timers.
[[0;32m  OK  [0m] Reached target Cloud-config availability.
[[0;32m  OK  [0m] Reached target Network is Online.
         Starting iSCSI initiator daemon (iscsid)...
[[0;32m  OK  [0m] Listening on LXD - unix socket.
[[0;32m  OK  [0m] Listening on Socket activation for snappy daemon.
[[0;32m  OK  [0m] Reached target Sockets.
[[0;32m  OK  [0m] Reached target Basic System.
[[0;32m  OK  [0m] Started ACPI event daemon.
         Starting A high performance web server and a reverse proxy server...
[[0;32m  OK  [0m] Started Deferred execution scheduler.
[[0;32m  OK  [0m] Started Regular background program processing daemon.
[[0;32m  OK  [0m] Started FUSE filesystem for LXC.
         Starting Virtualbox guest utils...
[[0;32m  OK  [0m] Started D-Bus System Message Bus.
         Starting LXD - container startup/shutdown...
         Starting LSB: Record successful boot for GRUB...
         Starting Accounts Service...
         Starting OpenBSD Secure Shell server...
         Starting Login Service...
         Starting LSB: MD monitoring daemon...
         Starting System Logging Service...
         Starting Snap Daemon...
         Starting /etc/rc.local Compatibility...
[[0;32m  OK  [0m] Started /etc/rc.local Compatibility.
[[0;32m  OK  [0m] Started Login Service.
[[0;32m  OK  [0m] Started Unattended Upgrades Shutdown.
[[0;32m  OK  [0m] Started iSCSI initiator daemon (iscsid).
[[0;32m  OK  [0m] Started System Logging Service.
         Starting Login to default iSCSI targets...
[[0;32m  OK  [0m] Started LSB: MD monitoring daemon.
[[0;32m  OK  [0m] Started LSB: Record successful boot for GRUB.
         Starting Authenticate and Authorize Users to Run Privileged Tasks...
[[0;32m  OK  [0m] Started Login to default iSCSI targets.
[[0;32m  OK  [0m] Reached target Remote File Systems (Pre).
         Mounting /home/vagrant/app...
[[0;32m  OK  [0m] Started OpenBSD Secure Shell server.
[[0;32m  OK  [0m] Started Virtualbox guest utils.
[[0;32m  OK  [0m] Started A high performance web server and a reverse proxy server.
[[0;32m  OK  [0m] Mounted /home/vagrant/app.
[[0;32m  OK  [0m] Reached target Remote File Systems.
         Starting LSB: Set the CPU Frequency Scaling governor to "ondemand"...
         Starting LSB: daemon to balance interrupts for SMP systems...
         Starting LSB: automatic crash report generation...
         Starting Permit User Sessions...
[[0;32m  OK  [0m] Started Authenticate and Authorize Users to Run Privileged Tasks.
[[0;32m  OK  [0m] Started Permit User Sessions.
         Starting Terminate Plymouth Boot Screen...
         Starting Hold until boot process finishes up...
[[0;32m  OK  [0m] Started Terminate Plymouth Boot Screen.
[[0;32m  OK  [0m] Started Hold until boot process finishes up.
[[0;32m  OK  [0m] Started Accounts Service.
[[0;32m  OK  [0m] Started Serial Getty on ttyS0.
         Starting Set console scheme...
[[0;32m  OK  [0m] Started Getty on tty1.
[[0;32m  OK  [0m] Reached target Login Prompts.
[[0;32m  OK  [0m] Started LSB: Set the CPU Frequency Scaling governor to "ondemand".
[[0;32m  OK  [0m] Started Set console scheme.
[[0;32m  OK  [0m] Started LSB: automatic crash report generation.
[[0;32m  OK  [0m] Started LSB: daemon to balance interrupts for SMP systems.
[[0;32m  OK  [0m] Started LXD - container startup/shutdown.
[[0;32m  OK  [0m] Started Snap Daemon.
         Starting Wait until snapd is fully seeded...
[[0;32m  OK  [0m] Started Wait until snapd is fully seeded.
         Starting Apply the settings specified in cloud-config...
[[0;32m  OK  [0m] Reached target Multi-User System.
[[0;32m  OK  [0m] Reached target Graphical Interface.
         Starting Update UTMP about System Runlevel Changes...
[[0;32m  OK  [0m] Started Update UTMP about System Runlevel Changes.
[[0;32m  OK  [0m] Created slice User Slice of vagrant.
         Starting User Manager for UID 1000...
[[0;32m  OK  [0m] Started Session 1 of user vagrant.
[[0;32m  OK  [0m] Started User Manager for UID 1000.
[   15.449693] cloud-init[1356]: Cloud-init v. 21.1-19-gbad84ad4-0ubuntu1~16.04.2 running 'modules:config' at Tue, 31 May 2022 17:33:24 +0000. Up 15.27 seconds.
[[0;32m  OK  [0m] Started Apply the settings specified in cloud-config.
         Starting Execute cloud user/final scripts...
[   16.318155] cloud-init[1440]: Cloud-init v. 21.1-19-gbad84ad4-0ubuntu1~16.04.2 running 'modules:final' at Tue, 31 May 2022 17:33:25 +0000. Up 16.10 seconds.
[   16.325196] cloud-init[1440]: Cloud-init v. 21.1-19-gbad84ad4-0ubuntu1~16.04.2 finished at Tue, 31 May 2022 17:33:25 +0000. Datasource DataSourceNoCloud [seed=/dev/sdb][dsmode=net].  Up 16.30 seconds
[[0;32m  OK  [0m] Started Execute cloud user/final scripts.
[[0;32m  OK  [0m] Reached target Cloud-init target.

Ubuntu 16.04.7 LTS ubuntu-xenial ttyS0

ubuntu-xenial login: 