0 info it worked if it ends with ok
1 verbose cli [ '/usr/bin/node', '/usr/bin/npm', 'install' ]
2 info using npm@3.10.10
3 info using node@v6.17.1
4 silly loadCurrentTree Starting
5 silly install loadCurrentTree
6 silly install readLocalPackageData
7 silly install normalizeTree
8 silly loadCurrentTree Finishing
9 silly loadIdealTree Starting
10 silly install loadIdealTree
11 silly cloneCurrentTree Starting
12 silly install cloneCurrentTreeToIdealTree
13 silly cloneCurrentTree Finishing
14 silly loadShrinkwrap Starting
15 silly install loadShrinkwrap
16 silly loadShrinkwrap Finishing
17 silly loadAllDepsIntoIdealTree Starting
18 silly install loadAllDepsIntoIdealTree
19 silly fetchNamedPackageData fsevents
20 silly mapToRegistry name fsevents
21 silly mapToRegistry using default registry
22 silly mapToRegistry registry https://registry.npmjs.org/
23 silly mapToRegistry data Result {
23 silly mapToRegistry   raw: 'fsevents',
23 silly mapToRegistry   scope: null,
23 silly mapToRegistry   escapedName: 'fsevents',
23 silly mapToRegistry   name: 'fsevents',
23 silly mapToRegistry   rawSpec: '',
23 silly mapToRegistry   spec: 'latest',
23 silly mapToRegistry   type: 'tag' }
24 silly mapToRegistry uri https://registry.npmjs.org/fsevents
25 verbose request uri https://registry.npmjs.org/fsevents
26 verbose request no auth needed
27 info attempt registry request try #1 at 2:45:26 AM
28 verbose request id 05e4b6bd7ebe0cbe
29 verbose etag W/"3c0734f182267a718dbf9dffce9d2ce1"
30 verbose lastModified Sat, 28 May 2022 17:58:39 GMT
31 http request GET https://registry.npmjs.org/fsevents
32 http 304 https://registry.npmjs.org/fsevents
33 verbose headers { date: 'Thu, 09 Jun 2022 02:45:27 GMT',
33 verbose headers   connection: 'keep-alive',
33 verbose headers   'cf-ray': '71868800de8174cd-LHR',
33 verbose headers   age: '202',
33 verbose headers   'cache-control': 'public, max-age=300',
33 verbose headers   etag: '"3c0734f182267a718dbf9dffce9d2ce1"',
33 verbose headers   'last-modified': 'Sat, 28 May 2022 17:58:39 GMT',
33 verbose headers   vary: 'Accept-Encoding',
33 verbose headers   'cf-cache-status': 'HIT',
33 verbose headers   'expect-ct': 'max-age=604800, report-uri="https://report-uri.cloudflare.com/cdn-cgi/beacon/expect-ct"',
33 verbose headers   'x-amz-replication-status': 'PENDING',
33 verbose headers   server: 'cloudflare' }
34 silly get cb [ 304,
34 silly get   { date: 'Thu, 09 Jun 2022 02:45:27 GMT',
34 silly get     connection: 'keep-alive',
34 silly get     'cf-ray': '71868800de8174cd-LHR',
34 silly get     age: '202',
34 silly get     'cache-control': 'public, max-age=300',
34 silly get     etag: '"3c0734f182267a718dbf9dffce9d2ce1"',
34 silly get     'last-modified': 'Sat, 28 May 2022 17:58:39 GMT',
34 silly get     vary: 'Accept-Encoding',
34 silly get     'cf-cache-status': 'HIT',
34 silly get     'expect-ct': 'max-age=604800, report-uri="https://report-uri.cloudflare.com/cdn-cgi/beacon/expect-ct"',
34 silly get     'x-amz-replication-status': 'PENDING',
34 silly get     server: 'cloudflare' } ]
35 verbose etag https://registry.npmjs.org/fsevents from cache
36 verbose get saving fsevents to /home/vagrant/.npm/registry.npmjs.org/fsevents/.cache.json
37 verbose correctMkdir /home/vagrant/.npm correctMkdir not in flight; initializing
38 silly resolveWithNewModule fsevents@2.3.2 checking installable status
39 silly loadAllDepsIntoIdealTree Finishing
40 silly loadIdealTree Finishing
41 silly currentTree solution-code@1.0.0
41 silly currentTree ├── @babel/code-frame@7.16.7
41 silly currentTree ├── @babel/generator@7.18.2
41 silly currentTree ├── @babel/helper-environment-visitor@7.18.2
41 silly currentTree ├── @babel/helper-function-name@7.17.9
41 silly currentTree ├── @babel/helper-hoist-variables@7.16.7
41 silly currentTree ├── @babel/helper-split-export-declaration@7.16.7
41 silly currentTree ├── @babel/helper-validator-identifier@7.16.7
41 silly currentTree ├── @babel/highlight@7.17.12
41 silly currentTree ├── @babel/parser@7.18.4
41 silly currentTree ├── @babel/template@7.16.7
41 silly currentTree ├─┬ @babel/traverse@7.18.2
41 silly currentTree │ ├── debug@4.3.4
41 silly currentTree │ └── ms@2.1.2
41 silly currentTree ├── @babel/types@7.18.4
41 silly currentTree ├── @jridgewell/gen-mapping@0.3.1
41 silly currentTree ├── @jridgewell/resolve-uri@3.0.7
41 silly currentTree ├── @jridgewell/set-array@1.1.1
41 silly currentTree ├── @jridgewell/sourcemap-codec@1.4.13
41 silly currentTree ├── @jridgewell/trace-mapping@0.3.13
41 silly currentTree ├── @types/bson@4.0.5
41 silly currentTree ├── @types/chai@4.3.1
41 silly currentTree ├── @types/cookiejar@2.1.2
41 silly currentTree ├── @types/mongodb@3.6.20
41 silly currentTree ├── @types/node@17.0.41
41 silly currentTree ├── @types/superagent@3.8.7
41 silly currentTree ├── @ungap/promise-all-settled@1.1.2
41 silly currentTree ├── accepts@1.3.8
41 silly currentTree ├── ansi-colors@3.2.3
41 silly currentTree ├── ansi-regex@3.0.1
41 silly currentTree ├── ansi-styles@3.2.1
41 silly currentTree ├── anymatch@3.1.2
41 silly currentTree ├── append-transform@1.0.0
41 silly currentTree ├── archy@1.0.0
41 silly currentTree ├── argparse@1.0.10
41 silly currentTree ├── array-flatten@1.1.1
41 silly currentTree ├── array.prototype.reduce@1.0.4
41 silly currentTree ├── assertion-error@1.1.0
41 silly currentTree ├── asynckit@0.4.0
41 silly currentTree ├── balanced-match@1.0.2
41 silly currentTree ├── binary-extensions@2.2.0
41 silly currentTree ├── bl@2.2.1
41 silly currentTree ├── bluebird@3.5.1
41 silly currentTree ├── body-parser@1.20.0
41 silly currentTree ├── brace-expansion@1.1.11
41 silly currentTree ├── braces@3.0.2
41 silly currentTree ├── browser-stdout@1.3.1
41 silly currentTree ├── bson@1.1.6
41 silly currentTree ├── buffer-shims@1.0.0
41 silly currentTree ├── bytes@3.1.2
41 silly currentTree ├── caching-transform@3.0.2
41 silly currentTree ├── call-bind@1.0.2
41 silly currentTree ├── camelcase@5.3.1
41 silly currentTree ├── chai-http@4.3.0
41 silly currentTree ├── chai-jquery@2.1.0
41 silly currentTree ├── chai@3.5.0
41 silly currentTree ├─┬ chalk@2.4.2
41 silly currentTree │ └── supports-color@5.5.0
41 silly currentTree ├── charenc@0.0.2
41 silly currentTree ├── chokidar@3.5.1
41 silly currentTree ├─┬ cliui@5.0.0
41 silly currentTree │ ├── ansi-regex@4.1.1
41 silly currentTree │ ├── string-width@3.1.0
41 silly currentTree │ └── strip-ansi@5.2.0
41 silly currentTree ├── color-convert@1.9.3
41 silly currentTree ├── color-name@1.1.3
41 silly currentTree ├── combined-stream@1.0.8
41 silly currentTree ├── commander@2.20.3
41 silly currentTree ├── commondir@1.0.1
41 silly currentTree ├── component-emitter@1.3.0
41 silly currentTree ├── concat-map@0.0.1
41 silly currentTree ├── content-disposition@0.5.4
41 silly currentTree ├── content-type@1.0.4
41 silly currentTree ├─┬ convert-source-map@1.8.0
41 silly currentTree │ └── safe-buffer@5.1.2
41 silly currentTree ├── cookie-signature@1.0.6
41 silly currentTree ├── cookie@0.5.0
41 silly currentTree ├── cookiejar@2.1.3
41 silly currentTree ├── core-util-is@1.0.3
41 silly currentTree ├── cp-file@6.2.0
41 silly currentTree ├── cross-spawn@4.0.2
41 silly currentTree ├── crypt@0.0.2
41 silly currentTree ├── debug@2.6.9
41 silly currentTree ├── decamelize@1.2.0
41 silly currentTree ├─┬ deep-eql@0.1.3
41 silly currentTree │ └── type-detect@0.1.1
41 silly currentTree ├── default-require-extensions@2.0.0
41 silly currentTree ├── define-properties@1.1.4
41 silly currentTree ├── delayed-stream@1.0.0
41 silly currentTree ├── denque@1.5.1
41 silly currentTree ├── depd@2.0.0
41 silly currentTree ├── destroy@1.2.0
41 silly currentTree ├── diff@3.5.0
41 silly currentTree ├── ee-first@1.1.1
41 silly currentTree ├── ejs@2.7.4
41 silly currentTree ├── emoji-regex@7.0.3
41 silly currentTree ├── encodeurl@1.0.2
41 silly currentTree ├── errno@0.1.8
41 silly currentTree ├── error-ex@1.3.2
41 silly currentTree ├─┬ es-abstract@1.20.1
41 silly currentTree │ └── object.assign@4.1.2
41 silly currentTree ├── es-array-method-boxes-properly@1.0.0
41 silly currentTree ├── es-to-primitive@1.2.1
41 silly currentTree ├── es6-error@4.1.1
41 silly currentTree ├── es6-promise@3.2.1
41 silly currentTree ├── escalade@3.1.1
41 silly currentTree ├── escape-html@1.0.3
41 silly currentTree ├── escape-string-regexp@1.0.5
41 silly currentTree ├── esprima@4.0.1
41 silly currentTree ├── etag@1.8.1
41 silly currentTree ├── express@4.18.1
41 silly currentTree ├── extend@3.0.2
41 silly currentTree ├── faker@4.1.0
41 silly currentTree ├── fill-range@7.0.1
41 silly currentTree ├── finalhandler@1.2.0
41 silly currentTree ├── find-cache-dir@2.1.0
41 silly currentTree ├── find-up@3.0.0
41 silly currentTree ├── flat@4.1.1
41 silly currentTree ├── foreground-child@1.5.6
41 silly currentTree ├── form-data@2.5.1
41 silly currentTree ├── formidable@1.2.6
41 silly currentTree ├── forwarded@0.2.0
41 silly currentTree ├── fresh@0.5.2
41 silly currentTree ├── fs.realpath@1.0.0
41 silly currentTree ├── function-bind@1.1.1
41 silly currentTree ├── function.prototype.name@1.1.5
41 silly currentTree ├── functions-have-names@1.2.3
41 silly currentTree ├── get-caller-file@2.0.5
41 silly currentTree ├── get-intrinsic@1.1.2
41 silly currentTree ├── get-symbol-description@1.0.0
41 silly currentTree ├── glob-parent@5.1.2
41 silly currentTree ├── glob@7.1.3
41 silly currentTree ├── globals@11.12.0
41 silly currentTree ├── graceful-fs@4.2.10
41 silly currentTree ├── growl@1.10.5
41 silly currentTree ├── has-bigints@1.0.2
41 silly currentTree ├── has-flag@3.0.0
41 silly currentTree ├── has-property-descriptors@1.0.0
41 silly currentTree ├── has-symbols@1.0.3
41 silly currentTree ├── has-tostringtag@1.0.0
41 silly currentTree ├── has@1.0.3
41 silly currentTree ├── hasha@3.0.0
41 silly currentTree ├── he@1.2.0
41 silly currentTree ├── hosted-git-info@2.8.9
41 silly currentTree ├── html-escaper@2.0.2
41 silly currentTree ├── http-errors@2.0.0
41 silly currentTree ├── iconv-lite@0.4.24
41 silly currentTree ├── imurmurhash@0.1.4
41 silly currentTree ├── inflight@1.0.6
41 silly currentTree ├── inherits@2.0.4
41 silly currentTree ├── internal-slot@1.0.3
41 silly currentTree ├── interpret@1.4.0
41 silly currentTree ├── ip-regex@2.1.0
41 silly currentTree ├── ipaddr.js@1.9.1
41 silly currentTree ├── is-arrayish@0.2.1
41 silly currentTree ├── is-bigint@1.0.4
41 silly currentTree ├── is-binary-path@2.1.0
41 silly currentTree ├── is-boolean-object@1.1.2
41 silly currentTree ├── is-buffer@2.0.5
41 silly currentTree ├── is-callable@1.2.4
41 silly currentTree ├── is-core-module@2.9.0
41 silly currentTree ├── is-date-object@1.0.5
41 silly currentTree ├── is-extglob@2.1.1
41 silly currentTree ├── is-fullwidth-code-point@2.0.0
41 silly currentTree ├── is-glob@4.0.3
41 silly currentTree ├── is-ip@2.0.0
41 silly currentTree ├── is-negative-zero@2.0.2
41 silly currentTree ├── is-number-object@1.0.7
41 silly currentTree ├── is-number@7.0.0
41 silly currentTree ├── is-plain-obj@2.1.0
41 silly currentTree ├── is-regex@1.1.4
41 silly currentTree ├── is-shared-array-buffer@1.0.2
41 silly currentTree ├── is-stream@1.1.0
41 silly currentTree ├── is-string@1.0.7
41 silly currentTree ├── is-symbol@1.0.4
41 silly currentTree ├── is-weakref@1.0.2
41 silly currentTree ├── isarray@1.0.0
41 silly currentTree ├── isexe@2.0.0
41 silly currentTree ├── istanbul-lib-coverage@2.0.5
41 silly currentTree ├── istanbul-lib-hook@2.0.7
41 silly currentTree ├─┬ istanbul-lib-instrument@3.3.0
41 silly currentTree │ └── semver@6.3.0
41 silly currentTree ├─┬ istanbul-lib-report@2.0.8
41 silly currentTree │ └── supports-color@6.1.0
41 silly currentTree ├─┬ istanbul-lib-source-maps@3.0.6
41 silly currentTree │ ├── debug@4.3.4
41 silly currentTree │ └── ms@2.1.2
41 silly currentTree ├── istanbul-reports@2.2.7
41 silly currentTree ├─┬ jenkins-mocha@8.0.0
41 silly currentTree │ ├── debug@3.2.6
41 silly currentTree │ ├── mocha@6.2.3
41 silly currentTree │ └── ms@2.1.1
41 silly currentTree ├── js-tokens@4.0.0
41 silly currentTree ├── js-yaml@3.13.1
41 silly currentTree ├── jsesc@2.5.2
41 silly currentTree ├── json-parse-better-errors@1.0.2
41 silly currentTree ├─┬ json2mongo@2.0.0
41 silly currentTree │ ├── mongodb@2.2.36
41 silly currentTree │ ├── process-nextick-args@1.0.7
41 silly currentTree │ ├── readable-stream@2.2.7
41 silly currentTree │ ├── safe-buffer@5.1.2
41 silly currentTree │ └── string_decoder@1.0.3
41 silly currentTree ├── kareem@2.3.2
41 silly currentTree ├─┬ load-json-file@4.0.0
41 silly currentTree │ └── pify@3.0.0
41 silly currentTree ├── locate-path@3.0.0
41 silly currentTree ├── lodash.flattendeep@4.4.0
41 silly currentTree ├── lodash@4.17.21
41 silly currentTree ├── log-symbols@2.2.0
41 silly currentTree ├── lru-cache@4.1.5
41 silly currentTree ├── make-dir@2.1.0
41 silly currentTree ├─┬ md5@2.3.0
41 silly currentTree │ └── is-buffer@1.1.6
41 silly currentTree ├── media-typer@0.3.0
41 silly currentTree ├── memory-pager@1.5.0
41 silly currentTree ├── merge-descriptors@1.0.1
41 silly currentTree ├── merge-source-map@1.1.0
41 silly currentTree ├── methods@1.1.2
41 silly currentTree ├── mime-db@1.52.0
41 silly currentTree ├── mime-types@2.1.35
41 silly currentTree ├── mime@1.6.0
41 silly currentTree ├── minimatch@3.0.4
41 silly currentTree ├── minimist@1.2.6
41 silly currentTree ├── mkdirp@0.5.4
41 silly currentTree ├── mocha-junit-reporter@1.23.3
41 silly currentTree ├─┬ mocha@8.4.0
41 silly currentTree │ ├── ansi-colors@4.1.1
41 silly currentTree │ ├── ansi-regex@5.0.1
41 silly currentTree │ ├── ansi-styles@4.3.0
41 silly currentTree │ ├── argparse@2.0.1
41 silly currentTree │ ├── camelcase@6.3.0
41 silly currentTree │ ├─┬ chalk@4.1.2
41 silly currentTree │ │ └── supports-color@7.2.0
41 silly currentTree │ ├── cliui@7.0.4
41 silly currentTree │ ├── color-convert@2.0.1
41 silly currentTree │ ├── color-name@1.1.4
41 silly currentTree │ ├─┬ debug@4.3.1
41 silly currentTree │ │ └── ms@2.1.2
41 silly currentTree │ ├── decamelize@4.0.0
41 silly currentTree │ ├── diff@5.0.0
41 silly currentTree │ ├── emoji-regex@8.0.0
41 silly currentTree │ ├── escape-string-regexp@4.0.0
41 silly currentTree │ ├── find-up@5.0.0
41 silly currentTree │ ├── flat@5.0.2
41 silly currentTree │ ├── glob@7.1.6
41 silly currentTree │ ├── has-flag@4.0.0
41 silly currentTree │ ├── is-fullwidth-code-point@3.0.0
41 silly currentTree │ ├── js-yaml@4.0.0
41 silly currentTree │ ├── locate-path@6.0.0
41 silly currentTree │ ├── log-symbols@4.0.0
41 silly currentTree │ ├── ms@2.1.3
41 silly currentTree │ ├── p-limit@3.1.0
41 silly currentTree │ ├── p-locate@5.0.0
41 silly currentTree │ ├── path-exists@4.0.0
41 silly currentTree │ ├── string-width@4.2.3
41 silly currentTree │ ├── strip-ansi@6.0.1
41 silly currentTree │ ├── strip-json-comments@3.1.1
41 silly currentTree │ ├── supports-color@8.1.1
41 silly currentTree │ ├── which@2.0.2
41 silly currentTree │ ├── wrap-ansi@7.0.0
41 silly currentTree │ ├── y18n@5.0.8
41 silly currentTree │ ├── yargs-parser@20.2.4
41 silly currentTree │ ├── yargs-unparser@2.0.0
41 silly currentTree │ └── yargs@16.2.0
41 silly currentTree ├─┬ mongodb-core@2.1.20
41 silly currentTree │ └── bson@1.0.9
41 silly currentTree ├── mongodb@3.7.3
41 silly currentTree ├── mongoose-legacy-pluralize@1.0.2
41 silly currentTree ├─┬ mongoose@5.13.14
41 silly currentTree │ ├── ms@2.1.2
41 silly currentTree │ └── optional-require@1.0.3
41 silly currentTree ├── mpath@0.8.4
41 silly currentTree ├─┬ mquery@3.2.5
41 silly currentTree │ ├── debug@3.1.0
41 silly currentTree │ └── safe-buffer@5.1.2
41 silly currentTree ├── ms@2.0.0
41 silly currentTree ├── nanoid@3.1.20
41 silly currentTree ├── negotiator@0.6.3
41 silly currentTree ├── nested-error-stacks@2.1.1
41 silly currentTree ├── node-environment-flags@1.0.5
41 silly currentTree ├── node-mongo-seeds@3.1.0
41 silly currentTree ├── normalize-package-data@2.5.0
41 silly currentTree ├── normalize-path@3.0.0
41 silly currentTree ├── npm-path@2.0.4
41 silly currentTree ├── npm-which@3.0.1
41 silly currentTree ├── nyc@14.1.1
41 silly currentTree ├── object-inspect@1.12.2
41 silly currentTree ├── object-keys@1.1.1
41 silly currentTree ├── object.assign@4.1.0
41 silly currentTree ├── object.getownpropertydescriptors@2.1.4
41 silly currentTree ├── on-finished@2.4.1
41 silly currentTree ├── once@1.4.0
41 silly currentTree ├── optional-require@1.1.8
41 silly currentTree ├── os-homedir@1.0.2
41 silly currentTree ├── p-limit@2.3.0
41 silly currentTree ├── p-locate@3.0.0
41 silly currentTree ├── p-try@2.2.0
41 silly currentTree ├── package-hash@3.0.0
41 silly currentTree ├── parse-json@4.0.0
41 silly currentTree ├── parseurl@1.3.3
41 silly currentTree ├── path-exists@3.0.0
41 silly currentTree ├── path-is-absolute@1.0.1
41 silly currentTree ├── path-parse@1.0.7
41 silly currentTree ├── path-to-regexp@0.1.7
41 silly currentTree ├─┬ path-type@3.0.0
41 silly currentTree │ └── pify@3.0.0
41 silly currentTree ├── picomatch@2.3.1
41 silly currentTree ├── pify@4.0.1
41 silly currentTree ├── pkg-dir@3.0.0
41 silly currentTree ├── process-nextick-args@2.0.1
41 silly currentTree ├── proxy-addr@2.0.7
41 silly currentTree ├── prr@1.0.1
41 silly currentTree ├── pseudomap@1.0.2
41 silly currentTree ├── qs@6.10.3
41 silly currentTree ├── randombytes@2.1.0
41 silly currentTree ├── range-parser@1.2.1
41 silly currentTree ├── raw-body@2.5.1
41 silly currentTree ├── read-pkg-up@4.0.0
41 silly currentTree ├── read-pkg@3.0.0
41 silly currentTree ├─┬ readable-stream@2.3.7
41 silly currentTree │ └── safe-buffer@5.1.2
41 silly currentTree ├── readdirp@3.5.0
41 silly currentTree ├── rechoir@0.6.2
41 silly currentTree ├── regexp-clone@1.0.0
41 silly currentTree ├── regexp.prototype.flags@1.4.3
41 silly currentTree ├── release-zalgo@1.0.0
41 silly currentTree ├─┬ require_optional@1.0.1
41 silly currentTree │ └── resolve-from@2.0.0
41 silly currentTree ├── require-at@1.0.6
41 silly currentTree ├── require-directory@2.1.1
41 silly currentTree ├── require-main-filename@2.0.0
41 silly currentTree ├── resolve-from@4.0.0
41 silly currentTree ├── resolve@1.22.0
41 silly currentTree ├── rimraf@2.7.1
41 silly currentTree ├── safe-buffer@5.2.1
41 silly currentTree ├── safer-buffer@2.1.2
41 silly currentTree ├── saslprep@1.0.3
41 silly currentTree ├── semver@5.7.1
41 silly currentTree ├─┬ send@0.18.0
41 silly currentTree │ └── ms@2.1.3
41 silly currentTree ├── serialize-javascript@5.0.1
41 silly currentTree ├── serve-static@1.15.0
41 silly currentTree ├── set-blocking@2.0.0
41 silly currentTree ├── setprototypeof@1.2.0
41 silly currentTree ├── shell-escape@0.2.0
41 silly currentTree ├── shelljs@0.8.5
41 silly currentTree ├── side-channel@1.0.4
41 silly currentTree ├── sift@13.5.2
41 silly currentTree ├── signal-exit@3.0.7
41 silly currentTree ├── sliced@1.0.1
41 silly currentTree ├── source-map@0.6.1
41 silly currentTree ├── sparse-bitfield@3.0.3
41 silly currentTree ├── spawn-wrap@1.4.3
41 silly currentTree ├── spdx-correct@3.1.1
41 silly currentTree ├── spdx-exceptions@2.3.0
41 silly currentTree ├── spdx-expression-parse@3.0.1
41 silly currentTree ├── spdx-license-ids@3.0.11
41 silly currentTree ├── spec-xunit-file@0.0.1-3
41 silly currentTree ├── sprintf-js@1.0.3
41 silly currentTree ├── statuses@2.0.1
41 silly currentTree ├─┬ string_decoder@1.1.1
41 silly currentTree │ └── safe-buffer@5.1.2
41 silly currentTree ├── string-width@2.1.1
41 silly currentTree ├── string.prototype.trimend@1.0.5
41 silly currentTree ├── string.prototype.trimstart@1.0.5
41 silly currentTree ├── strip-ansi@4.0.0
41 silly currentTree ├── strip-bom@3.0.0
41 silly currentTree ├── strip-json-comments@2.0.1
41 silly currentTree ├─┬ superagent@3.8.3
41 silly currentTree │ ├── debug@3.2.7
41 silly currentTree │ └── ms@2.1.3
41 silly currentTree ├── supports-color@6.0.0
41 silly currentTree ├── supports-preserve-symlinks-flag@1.0.0
41 silly currentTree ├── test-exclude@5.2.3
41 silly currentTree ├── to-fast-properties@2.0.0
41 silly currentTree ├── to-regex-range@5.0.1
41 silly currentTree ├── toidentifier@1.0.1
41 silly currentTree ├── type-detect@1.0.0
41 silly currentTree ├── type-is@1.6.18
41 silly currentTree ├── unbox-primitive@1.0.2
41 silly currentTree ├── unpipe@1.0.0
41 silly currentTree ├── util-deprecate@1.0.2
41 silly currentTree ├── utils-merge@1.0.1
41 silly currentTree ├── uuid@3.4.0
41 silly currentTree ├── validate-npm-package-license@3.0.4
41 silly currentTree ├── vary@1.1.2
41 silly currentTree ├── which-boxed-primitive@1.0.2
41 silly currentTree ├── which-module@2.0.0
41 silly currentTree ├── which@1.3.1
41 silly currentTree ├── wide-align@1.1.3
41 silly currentTree ├── workerpool@6.1.0
41 silly currentTree ├─┬ wrap-ansi@5.1.0
41 silly currentTree │ ├── ansi-regex@4.1.1
41 silly currentTree │ ├── string-width@3.1.0
41 silly currentTree │ └── strip-ansi@5.2.0
41 silly currentTree ├── wrappy@1.0.2
41 silly currentTree ├── write-file-atomic@2.4.3
41 silly currentTree ├── xml@1.0.1
41 silly currentTree ├── y18n@4.0.3
41 silly currentTree ├── yallist@2.1.2
41 silly currentTree ├── yargs-parser@13.1.2
41 silly currentTree ├── yargs-unparser@1.6.0
41 silly currentTree ├─┬ yargs@13.3.2
41 silly currentTree │ ├── ansi-regex@4.1.1
41 silly currentTree │ ├── string-width@3.1.0
41 silly currentTree │ └── strip-ansi@5.2.0
41 silly currentTree └── yocto-queue@0.1.0
42 silly idealTree solution-code@1.0.0
42 silly idealTree ├── @babel/code-frame@7.16.7
42 silly idealTree ├── @babel/generator@7.18.2
42 silly idealTree ├── @babel/helper-environment-visitor@7.18.2
42 silly idealTree ├── @babel/helper-function-name@7.17.9
42 silly idealTree ├── @babel/helper-hoist-variables@7.16.7
42 silly idealTree ├── @babel/helper-split-export-declaration@7.16.7
42 silly idealTree ├── @babel/helper-validator-identifier@7.16.7
42 silly idealTree ├── @babel/highlight@7.17.12
42 silly idealTree ├── @babel/parser@7.18.4
42 silly idealTree ├── @babel/template@7.16.7
42 silly idealTree ├─┬ @babel/traverse@7.18.2
42 silly idealTree │ ├── debug@4.3.4
42 silly idealTree │ └── ms@2.1.2
42 silly idealTree ├── @babel/types@7.18.4
42 silly idealTree ├── @jridgewell/gen-mapping@0.3.1
42 silly idealTree ├── @jridgewell/resolve-uri@3.0.7
42 silly idealTree ├── @jridgewell/set-array@1.1.1
42 silly idealTree ├── @jridgewell/sourcemap-codec@1.4.13
42 silly idealTree ├── @jridgewell/trace-mapping@0.3.13
42 silly idealTree ├── @types/bson@4.0.5
42 silly idealTree ├── @types/chai@4.3.1
42 silly idealTree ├── @types/cookiejar@2.1.2
42 silly idealTree ├── @types/mongodb@3.6.20
42 silly idealTree ├── @types/node@17.0.41
42 silly idealTree ├── @types/superagent@3.8.7
42 silly idealTree ├── @ungap/promise-all-settled@1.1.2
42 silly idealTree ├── accepts@1.3.8
42 silly idealTree ├── ansi-colors@3.2.3
42 silly idealTree ├── ansi-regex@3.0.1
42 silly idealTree ├── ansi-styles@3.2.1
42 silly idealTree ├── anymatch@3.1.2
42 silly idealTree ├── append-transform@1.0.0
42 silly idealTree ├── archy@1.0.0
42 silly idealTree ├── argparse@1.0.10
42 silly idealTree ├── array-flatten@1.1.1
42 silly idealTree ├── array.prototype.reduce@1.0.4
42 silly idealTree ├── assertion-error@1.1.0
42 silly idealTree ├── asynckit@0.4.0
42 silly idealTree ├── balanced-match@1.0.2
42 silly idealTree ├── binary-extensions@2.2.0
42 silly idealTree ├── bl@2.2.1
42 silly idealTree ├── bluebird@3.5.1
42 silly idealTree ├── body-parser@1.20.0
42 silly idealTree ├── brace-expansion@1.1.11
42 silly idealTree ├── braces@3.0.2
42 silly idealTree ├── browser-stdout@1.3.1
42 silly idealTree ├── bson@1.1.6
42 silly idealTree ├── buffer-shims@1.0.0
42 silly idealTree ├── bytes@3.1.2
42 silly idealTree ├── caching-transform@3.0.2
42 silly idealTree ├── call-bind@1.0.2
42 silly idealTree ├── camelcase@5.3.1
42 silly idealTree ├── chai-http@4.3.0
42 silly idealTree ├── chai-jquery@2.1.0
42 silly idealTree ├── chai@3.5.0
42 silly idealTree ├─┬ chalk@2.4.2
42 silly idealTree │ └── supports-color@5.5.0
42 silly idealTree ├── charenc@0.0.2
42 silly idealTree ├── chokidar@3.5.1
42 silly idealTree ├─┬ cliui@5.0.0
42 silly idealTree │ ├── ansi-regex@4.1.1
42 silly idealTree │ ├── string-width@3.1.0
42 silly idealTree │ └── strip-ansi@5.2.0
42 silly idealTree ├── color-convert@1.9.3
42 silly idealTree ├── color-name@1.1.3
42 silly idealTree ├── combined-stream@1.0.8
42 silly idealTree ├── commander@2.20.3
42 silly idealTree ├── commondir@1.0.1
42 silly idealTree ├── component-emitter@1.3.0
42 silly idealTree ├── concat-map@0.0.1
42 silly idealTree ├── content-disposition@0.5.4
42 silly idealTree ├── content-type@1.0.4
42 silly idealTree ├─┬ convert-source-map@1.8.0
42 silly idealTree │ └── safe-buffer@5.1.2
42 silly idealTree ├── cookie-signature@1.0.6
42 silly idealTree ├── cookie@0.5.0
42 silly idealTree ├── cookiejar@2.1.3
42 silly idealTree ├── core-util-is@1.0.3
42 silly idealTree ├── cp-file@6.2.0
42 silly idealTree ├── cross-spawn@4.0.2
42 silly idealTree ├── crypt@0.0.2
42 silly idealTree ├── debug@2.6.9
42 silly idealTree ├── decamelize@1.2.0
42 silly idealTree ├─┬ deep-eql@0.1.3
42 silly idealTree │ └── type-detect@0.1.1
42 silly idealTree ├── default-require-extensions@2.0.0
42 silly idealTree ├── define-properties@1.1.4
42 silly idealTree ├── delayed-stream@1.0.0
42 silly idealTree ├── denque@1.5.1
42 silly idealTree ├── depd@2.0.0
42 silly idealTree ├── destroy@1.2.0
42 silly idealTree ├── diff@3.5.0
42 silly idealTree ├── ee-first@1.1.1
42 silly idealTree ├── ejs@2.7.4
42 silly idealTree ├── emoji-regex@7.0.3
42 silly idealTree ├── encodeurl@1.0.2
42 silly idealTree ├── errno@0.1.8
42 silly idealTree ├── error-ex@1.3.2
42 silly idealTree ├─┬ es-abstract@1.20.1
42 silly idealTree │ └── object.assign@4.1.2
42 silly idealTree ├── es-array-method-boxes-properly@1.0.0
42 silly idealTree ├── es-to-primitive@1.2.1
42 silly idealTree ├── es6-error@4.1.1
42 silly idealTree ├── es6-promise@3.2.1
42 silly idealTree ├── escalade@3.1.1
42 silly idealTree ├── escape-html@1.0.3
42 silly idealTree ├── escape-string-regexp@1.0.5
42 silly idealTree ├── esprima@4.0.1
42 silly idealTree ├── etag@1.8.1
42 silly idealTree ├── express@4.18.1
42 silly idealTree ├── extend@3.0.2
42 silly idealTree ├── faker@4.1.0
42 silly idealTree ├── fill-range@7.0.1
42 silly idealTree ├── finalhandler@1.2.0
42 silly idealTree ├── find-cache-dir@2.1.0
42 silly idealTree ├── find-up@3.0.0
42 silly idealTree ├── flat@4.1.1
42 silly idealTree ├── foreground-child@1.5.6
42 silly idealTree ├── form-data@2.5.1
42 silly idealTree ├── formidable@1.2.6
42 silly idealTree ├── forwarded@0.2.0
42 silly idealTree ├── fresh@0.5.2
42 silly idealTree ├── fs.realpath@1.0.0
42 silly idealTree ├── function-bind@1.1.1
42 silly idealTree ├── function.prototype.name@1.1.5
42 silly idealTree ├── functions-have-names@1.2.3
42 silly idealTree ├── get-caller-file@2.0.5
42 silly idealTree ├── get-intrinsic@1.1.2
42 silly idealTree ├── get-symbol-description@1.0.0
42 silly idealTree ├── glob-parent@5.1.2
42 silly idealTree ├── glob@7.1.3
42 silly idealTree ├── globals@11.12.0
42 silly idealTree ├── graceful-fs@4.2.10
42 silly idealTree ├── growl@1.10.5
42 silly idealTree ├── has-bigints@1.0.2
42 silly idealTree ├── has-flag@3.0.0
42 silly idealTree ├── has-property-descriptors@1.0.0
42 silly idealTree ├── has-symbols@1.0.3
42 silly idealTree ├── has-tostringtag@1.0.0
42 silly idealTree ├── has@1.0.3
42 silly idealTree ├── hasha@3.0.0
42 silly idealTree ├── he@1.2.0
42 silly idealTree ├── hosted-git-info@2.8.9
42 silly idealTree ├── html-escaper@2.0.2
42 silly idealTree ├── http-errors@2.0.0
42 silly idealTree ├── iconv-lite@0.4.24
42 silly idealTree ├── imurmurhash@0.1.4
42 silly idealTree ├── inflight@1.0.6
42 silly idealTree ├── inherits@2.0.4
42 silly idealTree ├── internal-slot@1.0.3
42 silly idealTree ├── interpret@1.4.0
42 silly idealTree ├── ip-regex@2.1.0
42 silly idealTree ├── ipaddr.js@1.9.1
42 silly idealTree ├── is-arrayish@0.2.1
42 silly idealTree ├── is-bigint@1.0.4
42 silly idealTree ├── is-binary-path@2.1.0
42 silly idealTree ├── is-boolean-object@1.1.2
42 silly idealTree ├── is-buffer@2.0.5
42 silly idealTree ├── is-callable@1.2.4
42 silly idealTree ├── is-core-module@2.9.0
42 silly idealTree ├── is-date-object@1.0.5
42 silly idealTree ├── is-extglob@2.1.1
42 silly idealTree ├── is-fullwidth-code-point@2.0.0
42 silly idealTree ├── is-glob@4.0.3
42 silly idealTree ├── is-ip@2.0.0
42 silly idealTree ├── is-negative-zero@2.0.2
42 silly idealTree ├── is-number-object@1.0.7
42 silly idealTree ├── is-number@7.0.0
42 silly idealTree ├── is-plain-obj@2.1.0
42 silly idealTree ├── is-regex@1.1.4
42 silly idealTree ├── is-shared-array-buffer@1.0.2
42 silly idealTree ├── is-stream@1.1.0
42 silly idealTree ├── is-string@1.0.7
42 silly idealTree ├── is-symbol@1.0.4
42 silly idealTree ├── is-weakref@1.0.2
42 silly idealTree ├── isarray@1.0.0
42 silly idealTree ├── isexe@2.0.0
42 silly idealTree ├── istanbul-lib-coverage@2.0.5
42 silly idealTree ├── istanbul-lib-hook@2.0.7
42 silly idealTree ├─┬ istanbul-lib-instrument@3.3.0
42 silly idealTree │ └── semver@6.3.0
42 silly idealTree ├─┬ istanbul-lib-report@2.0.8
42 silly idealTree │ └── supports-color@6.1.0
42 silly idealTree ├─┬ istanbul-lib-source-maps@3.0.6
42 silly idealTree │ ├── debug@4.3.4
42 silly idealTree │ └── ms@2.1.2
42 silly idealTree ├── istanbul-reports@2.2.7
42 silly idealTree ├─┬ jenkins-mocha@8.0.0
42 silly idealTree │ ├── debug@3.2.6
42 silly idealTree │ ├── mocha@6.2.3
42 silly idealTree │ └── ms@2.1.1
42 silly idealTree ├── js-tokens@4.0.0
42 silly idealTree ├── js-yaml@3.13.1
42 silly idealTree ├── jsesc@2.5.2
42 silly idealTree ├── json-parse-better-errors@1.0.2
42 silly idealTree ├─┬ json2mongo@2.0.0
42 silly idealTree │ ├── mongodb@2.2.36
42 silly idealTree │ ├── process-nextick-args@1.0.7
42 silly idealTree │ ├── readable-stream@2.2.7
42 silly idealTree │ ├── safe-buffer@5.1.2
42 silly idealTree │ └── string_decoder@1.0.3
42 silly idealTree ├── kareem@2.3.2
42 silly idealTree ├─┬ load-json-file@4.0.0
42 silly idealTree │ └── pify@3.0.0
42 silly idealTree ├── locate-path@3.0.0
42 silly idealTree ├── lodash.flattendeep@4.4.0
42 silly idealTree ├── lodash@4.17.21
42 silly idealTree ├── log-symbols@2.2.0
42 silly idealTree ├── lru-cache@4.1.5
42 silly idealTree ├── make-dir@2.1.0
42 silly idealTree ├─┬ md5@2.3.0
42 silly idealTree │ └── is-buffer@1.1.6
42 silly idealTree ├── media-typer@0.3.0
42 silly idealTree ├── memory-pager@1.5.0
42 silly idealTree ├── merge-descriptors@1.0.1
42 silly idealTree ├── merge-source-map@1.1.0
42 silly idealTree ├── methods@1.1.2
42 silly idealTree ├── mime-db@1.52.0
42 silly idealTree ├── mime-types@2.1.35
42 silly idealTree ├── mime@1.6.0
42 silly idealTree ├── minimatch@3.0.4
42 silly idealTree ├── minimist@1.2.6
42 silly idealTree ├── mkdirp@0.5.4
42 silly idealTree ├── mocha-junit-reporter@1.23.3
42 silly idealTree ├─┬ mocha@8.4.0
42 silly idealTree │ ├── ansi-colors@4.1.1
42 silly idealTree │ ├── ansi-regex@5.0.1
42 silly idealTree │ ├── ansi-styles@4.3.0
42 silly idealTree │ ├── argparse@2.0.1
42 silly idealTree │ ├── camelcase@6.3.0
42 silly idealTree │ ├─┬ chalk@4.1.2
42 silly idealTree │ │ └── supports-color@7.2.0
42 silly idealTree │ ├── cliui@7.0.4
42 silly idealTree │ ├── color-convert@2.0.1
42 silly idealTree │ ├── color-name@1.1.4
42 silly idealTree │ ├─┬ debug@4.3.1
42 silly idealTree │ │ └── ms@2.1.2
42 silly idealTree │ ├── decamelize@4.0.0
42 silly idealTree │ ├── diff@5.0.0
42 silly idealTree │ ├── emoji-regex@8.0.0
42 silly idealTree │ ├── escape-string-regexp@4.0.0
42 silly idealTree │ ├── find-up@5.0.0
42 silly idealTree │ ├── flat@5.0.2
42 silly idealTree │ ├── glob@7.1.6
42 silly idealTree │ ├── has-flag@4.0.0
42 silly idealTree │ ├── is-fullwidth-code-point@3.0.0
42 silly idealTree │ ├── js-yaml@4.0.0
42 silly idealTree │ ├── locate-path@6.0.0
42 silly idealTree │ ├── log-symbols@4.0.0
42 silly idealTree │ ├── ms@2.1.3
42 silly idealTree │ ├── p-limit@3.1.0
42 silly idealTree │ ├── p-locate@5.0.0
42 silly idealTree │ ├── path-exists@4.0.0
42 silly idealTree │ ├── string-width@4.2.3
42 silly idealTree │ ├── strip-ansi@6.0.1
42 silly idealTree │ ├── strip-json-comments@3.1.1
42 silly idealTree │ ├── supports-color@8.1.1
42 silly idealTree │ ├── which@2.0.2
42 silly idealTree │ ├── wrap-ansi@7.0.0
42 silly idealTree │ ├── y18n@5.0.8
42 silly idealTree │ ├── yargs-parser@20.2.4
42 silly idealTree │ ├── yargs-unparser@2.0.0
42 silly idealTree │ └── yargs@16.2.0
42 silly idealTree ├─┬ mongodb-core@2.1.20
42 silly idealTree │ └── bson@1.0.9
42 silly idealTree ├── mongodb@3.7.3
42 silly idealTree ├── mongoose-legacy-pluralize@1.0.2
42 silly idealTree ├─┬ mongoose@5.13.14
42 silly idealTree │ ├── ms@2.1.2
42 silly idealTree │ └── optional-require@1.0.3
42 silly idealTree ├── mpath@0.8.4
42 silly idealTree ├─┬ mquery@3.2.5
42 silly idealTree │ ├── debug@3.1.0
42 silly idealTree │ └── safe-buffer@5.1.2
42 silly idealTree ├── ms@2.0.0
42 silly idealTree ├── nanoid@3.1.20
42 silly idealTree ├── negotiator@0.6.3
42 silly idealTree ├── nested-error-stacks@2.1.1
42 silly idealTree ├── node-environment-flags@1.0.5
42 silly idealTree ├── node-mongo-seeds@3.1.0
42 silly idealTree ├── normalize-package-data@2.5.0
42 silly idealTree ├── normalize-path@3.0.0
42 silly idealTree ├── npm-path@2.0.4
42 silly idealTree ├── npm-which@3.0.1
42 silly idealTree ├── nyc@14.1.1
42 silly idealTree ├── object-inspect@1.12.2
42 silly idealTree ├── object-keys@1.1.1
42 silly idealTree ├── object.assign@4.1.0
42 silly idealTree ├── object.getownpropertydescriptors@2.1.4
42 silly idealTree ├── on-finished@2.4.1
42 silly idealTree ├── once@1.4.0
42 silly idealTree ├── optional-require@1.1.8
42 silly idealTree ├── os-homedir@1.0.2
42 silly idealTree ├── p-limit@2.3.0
42 silly idealTree ├── p-locate@3.0.0
42 silly idealTree ├── p-try@2.2.0
42 silly idealTree ├── package-hash@3.0.0
42 silly idealTree ├── parse-json@4.0.0
42 silly idealTree ├── parseurl@1.3.3
42 silly idealTree ├── path-exists@3.0.0
42 silly idealTree ├── path-is-absolute@1.0.1
42 silly idealTree ├── path-parse@1.0.7
42 silly idealTree ├── path-to-regexp@0.1.7
42 silly idealTree ├─┬ path-type@3.0.0
42 silly idealTree │ └── pify@3.0.0
42 silly idealTree ├── picomatch@2.3.1
42 silly idealTree ├── pify@4.0.1
42 silly idealTree ├── pkg-dir@3.0.0
42 silly idealTree ├── process-nextick-args@2.0.1
42 silly idealTree ├── proxy-addr@2.0.7
42 silly idealTree ├── prr@1.0.1
42 silly idealTree ├── pseudomap@1.0.2
42 silly idealTree ├── qs@6.10.3
42 silly idealTree ├── randombytes@2.1.0
42 silly idealTree ├── range-parser@1.2.1
42 silly idealTree ├── raw-body@2.5.1
42 silly idealTree ├── read-pkg-up@4.0.0
42 silly idealTree ├── read-pkg@3.0.0
42 silly idealTree ├─┬ readable-stream@2.3.7
42 silly idealTree │ └── safe-buffer@5.1.2
42 silly idealTree ├── readdirp@3.5.0
42 silly idealTree ├── rechoir@0.6.2
42 silly idealTree ├── regexp-clone@1.0.0
42 silly idealTree ├── regexp.prototype.flags@1.4.3
42 silly idealTree ├── release-zalgo@1.0.0
42 silly idealTree ├─┬ require_optional@1.0.1
42 silly idealTree │ └── resolve-from@2.0.0
42 silly idealTree ├── require-at@1.0.6
42 silly idealTree ├── require-directory@2.1.1
42 silly idealTree ├── require-main-filename@2.0.0
42 silly idealTree ├── resolve-from@4.0.0
42 silly idealTree ├── resolve@1.22.0
42 silly idealTree ├── rimraf@2.7.1
42 silly idealTree ├── safe-buffer@5.2.1
42 silly idealTree ├── safer-buffer@2.1.2
42 silly idealTree ├── saslprep@1.0.3
42 silly idealTree ├── semver@5.7.1
42 silly idealTree ├─┬ send@0.18.0
42 silly idealTree │ └── ms@2.1.3
42 silly idealTree ├── serialize-javascript@5.0.1
42 silly idealTree ├── serve-static@1.15.0
42 silly idealTree ├── set-blocking@2.0.0
42 silly idealTree ├── setprototypeof@1.2.0
42 silly idealTree ├── shell-escape@0.2.0
42 silly idealTree ├── shelljs@0.8.5
42 silly idealTree ├── side-channel@1.0.4
42 silly idealTree ├── sift@13.5.2
42 silly idealTree ├── signal-exit@3.0.7
42 silly idealTree ├── sliced@1.0.1
42 silly idealTree ├── source-map@0.6.1
42 silly idealTree ├── sparse-bitfield@3.0.3
42 silly idealTree ├── spawn-wrap@1.4.3
42 silly idealTree ├── spdx-correct@3.1.1
42 silly idealTree ├── spdx-exceptions@2.3.0
42 silly idealTree ├── spdx-expression-parse@3.0.1
42 silly idealTree ├── spdx-license-ids@3.0.11
42 silly idealTree ├── spec-xunit-file@0.0.1-3
42 silly idealTree ├── sprintf-js@1.0.3
42 silly idealTree ├── statuses@2.0.1
42 silly idealTree ├─┬ string_decoder@1.1.1
42 silly idealTree │ └── safe-buffer@5.1.2
42 silly idealTree ├── string-width@2.1.1
42 silly idealTree ├── string.prototype.trimend@1.0.5
42 silly idealTree ├── string.prototype.trimstart@1.0.5
42 silly idealTree ├── strip-ansi@4.0.0
42 silly idealTree ├── strip-bom@3.0.0
42 silly idealTree ├── strip-json-comments@2.0.1
42 silly idealTree ├─┬ superagent@3.8.3
42 silly idealTree │ ├── debug@3.2.7
42 silly idealTree │ └── ms@2.1.3
42 silly idealTree ├── supports-color@6.0.0
42 silly idealTree ├── supports-preserve-symlinks-flag@1.0.0
42 silly idealTree ├── test-exclude@5.2.3
42 silly idealTree ├── to-fast-properties@2.0.0
42 silly idealTree ├── to-regex-range@5.0.1
42 silly idealTree ├── toidentifier@1.0.1
42 silly idealTree ├── type-detect@1.0.0
42 silly idealTree ├── type-is@1.6.18
42 silly idealTree ├── unbox-primitive@1.0.2
42 silly idealTree ├── unpipe@1.0.0
42 silly idealTree ├── util-deprecate@1.0.2
42 silly idealTree ├── utils-merge@1.0.1
42 silly idealTree ├── uuid@3.4.0
42 silly idealTree ├── validate-npm-package-license@3.0.4
42 silly idealTree ├── vary@1.1.2
42 silly idealTree ├── which-boxed-primitive@1.0.2
42 silly idealTree ├── which-module@2.0.0
42 silly idealTree ├── which@1.3.1
42 silly idealTree ├── wide-align@1.1.3
42 silly idealTree ├── workerpool@6.1.0
42 silly idealTree ├─┬ wrap-ansi@5.1.0
42 silly idealTree │ ├── ansi-regex@4.1.1
42 silly idealTree │ ├── string-width@3.1.0
42 silly idealTree │ └── strip-ansi@5.2.0
42 silly idealTree ├── wrappy@1.0.2
42 silly idealTree ├── write-file-atomic@2.4.3
42 silly idealTree ├── xml@1.0.1
42 silly idealTree ├── y18n@4.0.3
42 silly idealTree ├── yallist@2.1.2
42 silly idealTree ├── yargs-parser@13.1.2
42 silly idealTree ├── yargs-unparser@1.6.0
42 silly idealTree ├─┬ yargs@13.3.2
42 silly idealTree │ ├── ansi-regex@4.1.1
42 silly idealTree │ ├── string-width@3.1.0
42 silly idealTree │ └── strip-ansi@5.2.0
42 silly idealTree └── yocto-queue@0.1.0
43 silly generateActionsToTake Starting
44 silly install generateActionsToTake
45 silly generateActionsToTake Finishing
46 silly diffTrees action count 0
47 silly decomposeActions action count 0
48 silly runTopLevelLifecycles Starting
49 silly install runPreinstallTopLevelLifecycles
50 silly preinstall solution-code@1.0.0 /home/vagrant/app/app/app/solution-code-5d07064f
51 info lifecycle solution-code@1.0.0~preinstall: solution-code@1.0.0
52 silly lifecycle solution-code@1.0.0~preinstall: no script for preinstall, continuing
53 silly executeActions Starting
54 silly install executeActions
55 silly doSerial global-install 0
56 silly doParallel fetch 0
57 verbose correctMkdir /home/vagrant/.npm/_locks correctMkdir not in flight; initializing
58 warn locking Error: EACCES: permission denied, open '/home/vagrant/.npm/_locks/staging-70be0b74378fcc19.lock'
58 warn locking     at Error (native)
58 warn locking  /home/vagrant/.npm/_locks/staging-70be0b74378fcc19.lock failed { Error: EACCES: permission denied, open '/home/vagrant/.npm/_locks/staging-70be0b74378fcc19.lock'
58 warn locking     at Error (native)
58 warn locking   errno: -13,
58 warn locking   code: 'EACCES',
58 warn locking   syscall: 'open',
58 warn locking   path: '/home/vagrant/.npm/_locks/staging-70be0b74378fcc19.lock' }
59 silly rollbackFailedOptional Starting
60 silly rollbackFailedOptional Finishing
61 silly runTopLevelLifecycles Finishing
62 silly install printInstalled
63 warn optional SKIPPING OPTIONAL DEPENDENCY: fsevents@~2.3.1 (node_modules/chokidar/node_modules/fsevents):
64 warn notsup SKIPPING OPTIONAL DEPENDENCY: Unsupported platform for fsevents@2.3.2: wanted {"os":"darwin","arch":"any"} (current: {"os":"linux","arch":"x64"})
65 verbose notsup SKIPPING OPTIONAL DEPENDENCY: Valid OS:    darwin
65 verbose notsup SKIPPING OPTIONAL DEPENDENCY: Valid Arch:  any
65 verbose notsup SKIPPING OPTIONAL DEPENDENCY: Actual OS:   linux
65 verbose notsup SKIPPING OPTIONAL DEPENDENCY: Actual Arch: x64
66 warn solution-code@1.0.0 No repository field.
67 verbose If you need help, you may report this error at:
67 verbose     <https://github.com/npm/npm/issues>
68 verbose stack Error: EACCES: permission denied, open '/home/vagrant/.npm/_locks/staging-70be0b74378fcc19.lock'
68 verbose stack     at Error (native)
69 verbose cwd /home/vagrant/app/app/app
70 error Linux 4.4.0-210-generic
71 error argv "/usr/bin/node" "/usr/bin/npm" "install"
72 error node v6.17.1
73 error npm  v3.10.10
74 error path /home/vagrant/.npm/_locks/staging-70be0b74378fcc19.lock
75 error code EACCES
76 error errno -13
77 error syscall open
78 error Error: EACCES: permission denied, open '/home/vagrant/.npm/_locks/staging-70be0b74378fcc19.lock'
78 error     at Error (native)
78 error  { Error: EACCES: permission denied, open '/home/vagrant/.npm/_locks/staging-70be0b74378fcc19.lock'
78 error     at Error (native)
78 error   errno: -13,
78 error   code: 'EACCES',
78 error   syscall: 'open',
78 error   path: '/home/vagrant/.npm/_locks/staging-70be0b74378fcc19.lock' }
79 error Please try running this command again as root/Administrator.
80 verbose exit [ -13, true ]
